{"/Users/qutianyu/dev/projects/fina/src/commands/add.ts": {"path":"/Users/qutianyu/dev/projects/fina/src/commands/add.ts","statementMap":{"0":{"start":{"line":17,"column":4},"end":{"line":17,"column":null}},"1":{"start":{"line":18,"column":4},"end":{"line":18,"column":null}},"2":{"start":{"line":22,"column":4},"end":{"line":22,"column":null}},"3":{"start":{"line":24,"column":4},"end":{"line":29,"column":null}},"4":{"start":{"line":25,"column":6},"end":{"line":25,"column":null}},"5":{"start":{"line":26,"column":15},"end":{"line":29,"column":null}},"6":{"start":{"line":27,"column":6},"end":{"line":27,"column":null}},"7":{"start":{"line":29,"column":6},"end":{"line":29,"column":null}},"8":{"start":{"line":34,"column":4},"end":{"line":87,"column":null}},"9":{"start":{"line":35,"column":6},"end":{"line":35,"column":null}},"10":{"start":{"line":36,"column":23},"end":{"line":41,"column":8}},"11":{"start":{"line":44,"column":20},"end":{"line":44,"column":null}},"12":{"start":{"line":45,"column":6},"end":{"line":46,"column":null}},"13":{"start":{"line":46,"column":8},"end":{"line":46,"column":null}},"14":{"start":{"line":49,"column":41},"end":{"line":49,"column":93}},"15":{"start":{"line":51,"column":6},"end":{"line":53,"column":null}},"16":{"start":{"line":52,"column":8},"end":{"line":52,"column":null}},"17":{"start":{"line":53,"column":8},"end":{"line":53,"column":null}},"18":{"start":{"line":57,"column":6},"end":{"line":57,"column":null}},"19":{"start":{"line":58,"column":29},"end":{"line":58,"column":68}},"20":{"start":{"line":61,"column":19},"end":{"line":64,"column":25}},"21":{"start":{"line":65,"column":24},"end":{"line":65,"column":34}},"22":{"start":{"line":66,"column":21},"end":{"line":66,"column":44}},"23":{"start":{"line":67,"column":25},"end":{"line":67,"column":73}},"24":{"start":{"line":68,"column":6},"end":{"line":68,"column":null}},"25":{"start":{"line":69,"column":23},"end":{"line":69,"column":58}},"26":{"start":{"line":72,"column":26},"end":{"line":76,"column":null}},"27":{"start":{"line":81,"column":6},"end":{"line":81,"column":null}},"28":{"start":{"line":83,"column":6},"end":{"line":83,"column":null}},"29":{"start":{"line":84,"column":6},"end":{"line":84,"column":null}},"30":{"start":{"line":87,"column":6},"end":{"line":87,"column":null}},"31":{"start":{"line":92,"column":4},"end":{"line":94,"column":null}},"32":{"start":{"line":94,"column":6},"end":{"line":94,"column":null}},"33":{"start":{"line":97,"column":16},"end":{"line":97,"column":42}},"34":{"start":{"line":99,"column":23},"end":{"line":99,"column":null}},"35":{"start":{"line":109,"column":4},"end":{"line":110,"column":null}},"36":{"start":{"line":110,"column":6},"end":{"line":110,"column":null}},"37":{"start":{"line":113,"column":21},"end":{"line":114,"column":null}},"38":{"start":{"line":117,"column":19},"end":{"line":124,"column":6}},"39":{"start":{"line":126,"column":25},"end":{"line":126,"column":null}},"40":{"start":{"line":128,"column":4},"end":{"line":128,"column":null}},"41":{"start":{"line":130,"column":4},"end":{"line":130,"column":null}},"42":{"start":{"line":134,"column":4},"end":{"line":194,"column":null}},"43":{"start":{"line":136,"column":6},"end":{"line":137,"column":null}},"44":{"start":{"line":137,"column":8},"end":{"line":137,"column":null}},"45":{"start":{"line":139,"column":27},"end":{"line":139,"column":49}},"46":{"start":{"line":141,"column":6},"end":{"line":143,"column":null}},"47":{"start":{"line":142,"column":8},"end":{"line":142,"column":null}},"48":{"start":{"line":143,"column":8},"end":{"line":143,"column":null}},"49":{"start":{"line":146,"column":20},"end":{"line":146,"column":47}},"50":{"start":{"line":147,"column":6},"end":{"line":149,"column":null}},"51":{"start":{"line":148,"column":8},"end":{"line":148,"column":null}},"52":{"start":{"line":149,"column":8},"end":{"line":149,"column":null}},"53":{"start":{"line":152,"column":21},"end":{"line":152,"column":44}},"54":{"start":{"line":153,"column":18},"end":{"line":153,"column":58}},"55":{"start":{"line":157,"column":6},"end":{"line":164,"column":null}},"56":{"start":{"line":158,"column":8},"end":{"line":158,"column":null}},"57":{"start":{"line":159,"column":17},"end":{"line":164,"column":null}},"58":{"start":{"line":160,"column":8},"end":{"line":160,"column":null}},"59":{"start":{"line":161,"column":17},"end":{"line":164,"column":null}},"60":{"start":{"line":162,"column":8},"end":{"line":162,"column":null}},"61":{"start":{"line":164,"column":8},"end":{"line":164,"column":null}},"62":{"start":{"line":169,"column":6},"end":{"line":174,"column":null}},"63":{"start":{"line":170,"column":26},"end":{"line":170,"column":36}},"64":{"start":{"line":171,"column":20},"end":{"line":171,"column":59}},"65":{"start":{"line":172,"column":8},"end":{"line":172,"column":null}},"66":{"start":{"line":174,"column":8},"end":{"line":174,"column":null}},"67":{"start":{"line":178,"column":6},"end":{"line":178,"column":null}},"68":{"start":{"line":180,"column":6},"end":{"line":185,"column":null}},"69":{"start":{"line":181,"column":26},"end":{"line":181,"column":36}},"70":{"start":{"line":182,"column":20},"end":{"line":182,"column":59}},"71":{"start":{"line":183,"column":8},"end":{"line":183,"column":null}},"72":{"start":{"line":185,"column":8},"end":{"line":185,"column":null}},"73":{"start":{"line":187,"column":6},"end":{"line":187,"column":null}},"74":{"start":{"line":189,"column":6},"end":{"line":189,"column":null}},"75":{"start":{"line":190,"column":6},"end":{"line":190,"column":null}},"76":{"start":{"line":191,"column":6},"end":{"line":191,"column":null}},"77":{"start":{"line":194,"column":6},"end":{"line":194,"column":null}},"78":{"start":{"line":199,"column":4},"end":{"line":267,"column":null}},"79":{"start":{"line":200,"column":6},"end":{"line":201,"column":null}},"80":{"start":{"line":201,"column":8},"end":{"line":201,"column":null}},"81":{"start":{"line":203,"column":27},"end":{"line":203,"column":48}},"82":{"start":{"line":205,"column":6},"end":{"line":207,"column":null}},"83":{"start":{"line":206,"column":8},"end":{"line":206,"column":null}},"84":{"start":{"line":207,"column":8},"end":{"line":207,"column":null}},"85":{"start":{"line":210,"column":20},"end":{"line":210,"column":47}},"86":{"start":{"line":211,"column":6},"end":{"line":213,"column":null}},"87":{"start":{"line":212,"column":8},"end":{"line":212,"column":null}},"88":{"start":{"line":213,"column":8},"end":{"line":213,"column":null}},"89":{"start":{"line":217,"column":20},"end":{"line":217,"column":57}},"90":{"start":{"line":219,"column":6},"end":{"line":221,"column":null}},"91":{"start":{"line":220,"column":8},"end":{"line":220,"column":null}},"92":{"start":{"line":221,"column":8},"end":{"line":221,"column":null}},"93":{"start":{"line":224,"column":6},"end":{"line":224,"column":null}},"94":{"start":{"line":227,"column":24},"end":{"line":227,"column":34}},"95":{"start":{"line":230,"column":23},"end":{"line":230,"column":48}},"96":{"start":{"line":231,"column":6},"end":{"line":240,"column":null}},"97":{"start":{"line":232,"column":8},"end":{"line":240,"column":null}},"98":{"start":{"line":233,"column":26},"end":{"line":233,"column":58}},"99":{"start":{"line":234,"column":29},"end":{"line":234,"column":60}},"100":{"start":{"line":235,"column":10},"end":{"line":240,"column":null}},"101":{"start":{"line":236,"column":12},"end":{"line":240,"column":null}},"102":{"start":{"line":238,"column":34},"end":{"line":238,"column":75}},"103":{"start":{"line":239,"column":14},"end":{"line":240,"column":null}},"104":{"start":{"line":240,"column":16},"end":{"line":240,"column":null}},"105":{"start":{"line":248,"column":24},"end":{"line":248,"column":87}},"106":{"start":{"line":249,"column":6},"end":{"line":249,"column":null}},"107":{"start":{"line":250,"column":6},"end":{"line":254,"column":null}},"108":{"start":{"line":251,"column":28},"end":{"line":251,"column":54}},"109":{"start":{"line":252,"column":25},"end":{"line":252,"column":58}},"110":{"start":{"line":253,"column":8},"end":{"line":253,"column":null}},"111":{"start":{"line":254,"column":8},"end":{"line":254,"column":null}},"112":{"start":{"line":258,"column":6},"end":{"line":259,"column":null}},"113":{"start":{"line":259,"column":8},"end":{"line":259,"column":null}},"114":{"start":{"line":262,"column":6},"end":{"line":262,"column":null}},"115":{"start":{"line":263,"column":6},"end":{"line":264,"column":null}},"116":{"start":{"line":264,"column":8},"end":{"line":264,"column":null}},"117":{"start":{"line":267,"column":6},"end":{"line":267,"column":null}},"118":{"start":{"line":272,"column":4},"end":{"line":311,"column":null}},"119":{"start":{"line":273,"column":27},"end":{"line":273,"column":49}},"120":{"start":{"line":274,"column":21},"end":{"line":274,"column":44}},"121":{"start":{"line":275,"column":18},"end":{"line":275,"column":58}},"122":{"start":{"line":277,"column":35},"end":{"line":277,"column":null}},"123":{"start":{"line":279,"column":6},"end":{"line":286,"column":null}},"124":{"start":{"line":280,"column":8},"end":{"line":280,"column":null}},"125":{"start":{"line":281,"column":17},"end":{"line":286,"column":null}},"126":{"start":{"line":282,"column":8},"end":{"line":282,"column":null}},"127":{"start":{"line":283,"column":17},"end":{"line":286,"column":null}},"128":{"start":{"line":284,"column":8},"end":{"line":284,"column":null}},"129":{"start":{"line":286,"column":8},"end":{"line":286,"column":null}},"130":{"start":{"line":289,"column":6},"end":{"line":289,"column":null}},"131":{"start":{"line":290,"column":23},"end":{"line":290,"column":72}},"132":{"start":{"line":293,"column":6},"end":{"line":306,"column":null}},"133":{"start":{"line":294,"column":8},"end":{"line":294,"column":null}},"134":{"start":{"line":296,"column":8},"end":{"line":302,"column":null}},"135":{"start":{"line":297,"column":30},"end":{"line":297,"column":56}},"136":{"start":{"line":299,"column":24},"end":{"line":299,"column":91}},"137":{"start":{"line":300,"column":10},"end":{"line":302,"column":null}},"138":{"start":{"line":301,"column":12},"end":{"line":301,"column":null}},"139":{"start":{"line":304,"column":8},"end":{"line":304,"column":null}},"140":{"start":{"line":306,"column":8},"end":{"line":306,"column":null}},"141":{"start":{"line":309,"column":6},"end":{"line":309,"column":null}},"142":{"start":{"line":311,"column":6},"end":{"line":311,"column":null}},"143":{"start":{"line":316,"column":28},"end":{"line":316,"column":30}},"144":{"start":{"line":317,"column":18},"end":{"line":317,"column":null}},"145":{"start":{"line":319,"column":4},"end":{"line":320,"column":null}},"146":{"start":{"line":320,"column":6},"end":{"line":320,"column":null}},"147":{"start":{"line":322,"column":4},"end":{"line":322,"column":null}},"148":{"start":{"line":326,"column":32},"end":{"line":333,"column":null}},"149":{"start":{"line":334,"column":28},"end":{"line":334,"column":30}},"150":{"start":{"line":336,"column":20},"end":{"line":336,"column":66}},"151":{"start":{"line":338,"column":4},"end":{"line":350,"column":null}},"152":{"start":{"line":339,"column":23},"end":{"line":339,"column":49}},"153":{"start":{"line":341,"column":6},"end":{"line":350,"column":null}},"154":{"start":{"line":343,"column":8},"end":{"line":345,"column":null}},"155":{"start":{"line":344,"column":27},"end":{"line":344,"column":60}},"156":{"start":{"line":345,"column":10},"end":{"line":345,"column":null}},"157":{"start":{"line":347,"column":17},"end":{"line":350,"column":null}},"158":{"start":{"line":348,"column":20},"end":{"line":348,"column":58}},"159":{"start":{"line":349,"column":8},"end":{"line":350,"column":null}},"160":{"start":{"line":350,"column":10},"end":{"line":350,"column":null}},"161":{"start":{"line":355,"column":4},"end":{"line":355,"column":null}}},"fnMap":{"0":{"name":"(anonymous_0)","decl":{"start":{"line":16,"column":2},"end":{"line":16,"column":14}},"loc":{"start":{"line":16,"column":79},"end":{"line":18,"column":null}},"line":16},"1":{"name":"(anonymous_1)","decl":{"start":{"line":21,"column":8},"end":{"line":21,"column":16}},"loc":{"start":{"line":21,"column":77},"end":{"line":29,"column":null}},"line":21},"2":{"name":"(anonymous_2)","decl":{"start":{"line":33,"column":8},"end":{"line":33,"column":19}},"loc":{"start":{"line":33,"column":47},"end":{"line":87,"column":null}},"line":33},"3":{"name":"(anonymous_3)","decl":{"start":{"line":91,"column":8},"end":{"line":91,"column":21}},"loc":{"start":{"line":91,"column":83},"end":{"line":130,"column":null}},"line":91},"4":{"name":"(anonymous_4)","decl":{"start":{"line":133,"column":8},"end":{"line":133,"column":20}},"loc":{"start":{"line":133,"column":86},"end":{"line":194,"column":null}},"line":133},"5":{"name":"(anonymous_5)","decl":{"start":{"line":198,"column":8},"end":{"line":198,"column":25}},"loc":{"start":{"line":198,"column":57},"end":{"line":267,"column":null}},"line":198},"6":{"name":"(anonymous_6)","decl":{"start":{"line":271,"column":16},"end":{"line":271,"column":32}},"loc":{"start":{"line":271,"column":116},"end":{"line":311,"column":null}},"line":271},"7":{"name":"(anonymous_7)","decl":{"start":{"line":300,"column":36},"end":{"line":300,"column":44}},"loc":{"start":{"line":300,"column":68},"end":{"line":302,"column":null}},"line":300},"8":{"name":"(anonymous_8)","decl":{"start":{"line":315,"column":2},"end":{"line":315,"column":10}},"loc":{"start":{"line":315,"column":55},"end":{"line":322,"column":null}},"line":315},"9":{"name":"(anonymous_9)","decl":{"start":{"line":325,"column":8},"end":{"line":325,"column":21}},"loc":{"start":{"line":325,"column":53},"end":{"line":355,"column":null}},"line":325}},"branchMap":{"0":{"loc":{"start":{"line":16,"column":37},"end":{"line":16,"column":79}},"type":"default-arg","locations":[{"start":{"line":16,"column":73},"end":{"line":16,"column":79}}],"line":16},"1":{"loc":{"start":{"line":21,"column":32},"end":{"line":21,"column":77}},"type":"default-arg","locations":[{"start":{"line":21,"column":55},"end":{"line":21,"column":77}}],"line":21},"2":{"loc":{"start":{"line":24,"column":4},"end":{"line":29,"column":null}},"type":"if","locations":[{"start":{"line":24,"column":4},"end":{"line":29,"column":null}},{"start":{"line":26,"column":15},"end":{"line":29,"column":null}}],"line":24},"3":{"loc":{"start":{"line":24,"column":8},"end":{"line":24,"column":69}},"type":"binary-expr","locations":[{"start":{"line":24,"column":8},"end":{"line":24,"column":36}},{"start":{"line":24,"column":40},"end":{"line":24,"column":69}}],"line":24},"4":{"loc":{"start":{"line":26,"column":15},"end":{"line":29,"column":null}},"type":"if","locations":[{"start":{"line":26,"column":15},"end":{"line":29,"column":null}},{"start":{"line":28,"column":11},"end":{"line":29,"column":null}}],"line":26},"5":{"loc":{"start":{"line":44,"column":20},"end":{"line":44,"column":null}},"type":"cond-expr","locations":[{"start":{"line":44,"column":40},"end":{"line":44,"column":73}},{"start":{"line":44,"column":76},"end":{"line":44,"column":null}}],"line":44},"6":{"loc":{"start":{"line":45,"column":6},"end":{"line":46,"column":null}},"type":"if","locations":[{"start":{"line":45,"column":6},"end":{"line":46,"column":null}},{"start":{},"end":{}}],"line":45},"7":{"loc":{"start":{"line":49,"column":74},"end":{"line":49,"column":93}},"type":"binary-expr","locations":[{"start":{"line":49,"column":74},"end":{"line":49,"column":83}},{"start":{"line":49,"column":83},"end":{"line":49,"column":93}}],"line":49},"8":{"loc":{"start":{"line":51,"column":6},"end":{"line":53,"column":null}},"type":"if","locations":[{"start":{"line":51,"column":6},"end":{"line":53,"column":null}},{"start":{},"end":{}}],"line":51},"9":{"loc":{"start":{"line":91,"column":38},"end":{"line":91,"column":83}},"type":"default-arg","locations":[{"start":{"line":91,"column":60},"end":{"line":91,"column":83}}],"line":91},"10":{"loc":{"start":{"line":92,"column":4},"end":{"line":94,"column":null}},"type":"if","locations":[{"start":{"line":92,"column":4},"end":{"line":94,"column":null}},{"start":{},"end":{}}],"line":92},"11":{"loc":{"start":{"line":109,"column":4},"end":{"line":110,"column":null}},"type":"if","locations":[{"start":{"line":109,"column":4},"end":{"line":110,"column":null}},{"start":{},"end":{}}],"line":109},"12":{"loc":{"start":{"line":109,"column":8},"end":{"line":109,"column":37}},"type":"binary-expr","locations":[{"start":{"line":109,"column":8},"end":{"line":109,"column":17}},{"start":{"line":109,"column":17},"end":{"line":109,"column":37}}],"line":109},"13":{"loc":{"start":{"line":126,"column":25},"end":{"line":126,"column":null}},"type":"binary-expr","locations":[{"start":{"line":126,"column":25},"end":{"line":126,"column":52}},{"start":{"line":126,"column":52},"end":{"line":126,"column":null}}],"line":126},"14":{"loc":{"start":{"line":133,"column":38},"end":{"line":133,"column":86}},"type":"default-arg","locations":[{"start":{"line":133,"column":65},"end":{"line":133,"column":86}}],"line":133},"15":{"loc":{"start":{"line":136,"column":6},"end":{"line":137,"column":null}},"type":"if","locations":[{"start":{"line":136,"column":6},"end":{"line":137,"column":null}},{"start":{},"end":{}}],"line":136},"16":{"loc":{"start":{"line":137,"column":29},"end":{"line":137,"column":53}},"type":"binary-expr","locations":[{"start":{"line":137,"column":29},"end":{"line":137,"column":49}},{"start":{"line":137,"column":49},"end":{"line":137,"column":53}}],"line":137},"17":{"loc":{"start":{"line":141,"column":6},"end":{"line":143,"column":null}},"type":"if","locations":[{"start":{"line":141,"column":6},"end":{"line":143,"column":null}},{"start":{},"end":{}}],"line":141},"18":{"loc":{"start":{"line":147,"column":6},"end":{"line":149,"column":null}},"type":"if","locations":[{"start":{"line":147,"column":6},"end":{"line":149,"column":null}},{"start":{},"end":{}}],"line":147},"19":{"loc":{"start":{"line":157,"column":6},"end":{"line":164,"column":null}},"type":"if","locations":[{"start":{"line":157,"column":6},"end":{"line":164,"column":null}},{"start":{"line":159,"column":17},"end":{"line":164,"column":null}}],"line":157},"20":{"loc":{"start":{"line":159,"column":17},"end":{"line":164,"column":null}},"type":"if","locations":[{"start":{"line":159,"column":17},"end":{"line":164,"column":null}},{"start":{"line":161,"column":17},"end":{"line":164,"column":null}}],"line":159},"21":{"loc":{"start":{"line":161,"column":17},"end":{"line":164,"column":null}},"type":"if","locations":[{"start":{"line":161,"column":17},"end":{"line":164,"column":null}},{"start":{"line":163,"column":13},"end":{"line":164,"column":null}}],"line":161},"22":{"loc":{"start":{"line":169,"column":6},"end":{"line":174,"column":null}},"type":"if","locations":[{"start":{"line":169,"column":6},"end":{"line":174,"column":null}},{"start":{"line":173,"column":13},"end":{"line":174,"column":null}}],"line":169},"23":{"loc":{"start":{"line":180,"column":6},"end":{"line":185,"column":null}},"type":"if","locations":[{"start":{"line":180,"column":6},"end":{"line":185,"column":null}},{"start":{"line":184,"column":13},"end":{"line":185,"column":null}}],"line":180},"24":{"loc":{"start":{"line":191,"column":40},"end":{"line":191,"column":59}},"type":"binary-expr","locations":[{"start":{"line":191,"column":40},"end":{"line":191,"column":47}},{"start":{"line":191,"column":47},"end":{"line":191,"column":59}}],"line":191},"25":{"loc":{"start":{"line":200,"column":6},"end":{"line":201,"column":null}},"type":"if","locations":[{"start":{"line":200,"column":6},"end":{"line":201,"column":null}},{"start":{},"end":{}}],"line":200},"26":{"loc":{"start":{"line":201,"column":28},"end":{"line":201,"column":52}},"type":"binary-expr","locations":[{"start":{"line":201,"column":28},"end":{"line":201,"column":48}},{"start":{"line":201,"column":48},"end":{"line":201,"column":52}}],"line":201},"27":{"loc":{"start":{"line":205,"column":6},"end":{"line":207,"column":null}},"type":"if","locations":[{"start":{"line":205,"column":6},"end":{"line":207,"column":null}},{"start":{},"end":{}}],"line":205},"28":{"loc":{"start":{"line":211,"column":6},"end":{"line":213,"column":null}},"type":"if","locations":[{"start":{"line":211,"column":6},"end":{"line":213,"column":null}},{"start":{},"end":{}}],"line":211},"29":{"loc":{"start":{"line":219,"column":6},"end":{"line":221,"column":null}},"type":"if","locations":[{"start":{"line":219,"column":6},"end":{"line":221,"column":null}},{"start":{},"end":{}}],"line":219},"30":{"loc":{"start":{"line":232,"column":8},"end":{"line":240,"column":null}},"type":"if","locations":[{"start":{"line":232,"column":8},"end":{"line":240,"column":null}},{"start":{},"end":{}}],"line":232},"31":{"loc":{"start":{"line":232,"column":12},"end":{"line":232,"column":62}},"type":"binary-expr","locations":[{"start":{"line":232,"column":12},"end":{"line":232,"column":32}},{"start":{"line":232,"column":36},"end":{"line":232,"column":62}}],"line":232},"32":{"loc":{"start":{"line":236,"column":12},"end":{"line":240,"column":null}},"type":"if","locations":[{"start":{"line":236,"column":12},"end":{"line":240,"column":null}},{"start":{},"end":{}}],"line":236},"33":{"loc":{"start":{"line":236,"column":16},"end":{"line":236,"column":81}},"type":"binary-expr","locations":[{"start":{"line":236,"column":16},"end":{"line":236,"column":46}},{"start":{"line":236,"column":50},"end":{"line":236,"column":81}}],"line":236},"34":{"loc":{"start":{"line":239,"column":14},"end":{"line":240,"column":null}},"type":"if","locations":[{"start":{"line":239,"column":14},"end":{"line":240,"column":null}},{"start":{},"end":{}}],"line":239},"35":{"loc":{"start":{"line":263,"column":6},"end":{"line":264,"column":null}},"type":"if","locations":[{"start":{"line":263,"column":6},"end":{"line":264,"column":null}},{"start":{},"end":{}}],"line":263},"36":{"loc":{"start":{"line":279,"column":6},"end":{"line":286,"column":null}},"type":"if","locations":[{"start":{"line":279,"column":6},"end":{"line":286,"column":null}},{"start":{"line":281,"column":17},"end":{"line":286,"column":null}}],"line":279},"37":{"loc":{"start":{"line":281,"column":17},"end":{"line":286,"column":null}},"type":"if","locations":[{"start":{"line":281,"column":17},"end":{"line":286,"column":null}},{"start":{"line":283,"column":17},"end":{"line":286,"column":null}}],"line":281},"38":{"loc":{"start":{"line":283,"column":17},"end":{"line":286,"column":null}},"type":"if","locations":[{"start":{"line":283,"column":17},"end":{"line":286,"column":null}},{"start":{"line":285,"column":13},"end":{"line":286,"column":null}}],"line":283},"39":{"loc":{"start":{"line":293,"column":6},"end":{"line":306,"column":null}},"type":"if","locations":[{"start":{"line":293,"column":6},"end":{"line":306,"column":null}},{"start":{"line":305,"column":13},"end":{"line":306,"column":null}}],"line":293},"40":{"loc":{"start":{"line":293,"column":10},"end":{"line":293,"column":79}},"type":"binary-expr","locations":[{"start":{"line":293,"column":10},"end":{"line":293,"column":44}},{"start":{"line":293,"column":48},"end":{"line":293,"column":60}},{"start":{"line":293,"column":60},"end":{"line":293,"column":79}}],"line":293},"41":{"loc":{"start":{"line":341,"column":6},"end":{"line":350,"column":null}},"type":"if","locations":[{"start":{"line":341,"column":6},"end":{"line":350,"column":null}},{"start":{"line":347,"column":17},"end":{"line":350,"column":null}}],"line":341},"42":{"loc":{"start":{"line":343,"column":8},"end":{"line":345,"column":null}},"type":"if","locations":[{"start":{"line":343,"column":8},"end":{"line":345,"column":null}},{"start":{},"end":{}}],"line":343},"43":{"loc":{"start":{"line":343,"column":12},"end":{"line":343,"column":104}},"type":"binary-expr","locations":[{"start":{"line":343,"column":12},"end":{"line":343,"column":39}},{"start":{"line":343,"column":43},"end":{"line":343,"column":104}}],"line":343},"44":{"loc":{"start":{"line":347,"column":17},"end":{"line":350,"column":null}},"type":"if","locations":[{"start":{"line":347,"column":17},"end":{"line":350,"column":null}},{"start":{},"end":{}}],"line":347},"45":{"loc":{"start":{"line":349,"column":8},"end":{"line":350,"column":null}},"type":"if","locations":[{"start":{"line":349,"column":8},"end":{"line":350,"column":null}},{"start":{},"end":{}}],"line":349}},"s":{"0":7,"1":7,"2":7,"3":7,"4":1,"5":6,"6":0,"7":6,"8":1,"9":1,"10":1,"11":0,"12":1,"13":0,"14":0,"15":1,"16":0,"17":0,"18":0,"19":0,"20":0,"21":0,"22":0,"23":0,"24":0,"25":0,"26":0,"27":0,"28":0,"29":0,"30":1,"31":0,"32":0,"33":0,"34":0,"35":0,"36":0,"37":0,"38":0,"39":0,"40":0,"41":0,"42":6,"43":6,"44":1,"45":6,"46":6,"47":2,"48":2,"49":4,"50":4,"51":0,"52":0,"53":4,"54":4,"55":4,"56":3,"57":1,"58":1,"59":0,"60":0,"61":0,"62":4,"63":0,"64":0,"65":0,"66":4,"67":4,"68":4,"69":0,"70":0,"71":0,"72":4,"73":4,"74":4,"75":4,"76":4,"77":0,"78":0,"79":0,"80":0,"81":0,"82":0,"83":0,"84":0,"85":0,"86":0,"87":0,"88":0,"89":0,"90":0,"91":0,"92":0,"93":0,"94":0,"95":0,"96":0,"97":0,"98":0,"99":0,"100":0,"101":0,"102":0,"103":0,"104":0,"105":0,"106":0,"107":0,"108":0,"109":0,"110":0,"111":0,"112":0,"113":0,"114":0,"115":0,"116":0,"117":0,"118":0,"119":0,"120":0,"121":0,"122":0,"123":0,"124":0,"125":0,"126":0,"127":0,"128":0,"129":0,"130":0,"131":0,"132":0,"133":0,"134":0,"135":0,"136":0,"137":0,"138":0,"139":0,"140":0,"141":0,"142":0,"143":0,"144":0,"145":0,"146":0,"147":0,"148":0,"149":0,"150":0,"151":0,"152":0,"153":0,"154":0,"155":0,"156":0,"157":0,"158":0,"159":0,"160":0,"161":0},"f":{"0":7,"1":7,"2":1,"3":0,"4":6,"5":0,"6":0,"7":0,"8":0,"9":0},"b":{"0":[7],"1":[7],"2":[1,6],"3":[7,7],"4":[0,6],"5":[0,0],"6":[0,1],"7":[0,0],"8":[0,1],"9":[0],"10":[0,0],"11":[0,0],"12":[0,0],"13":[0,0],"14":[6],"15":[1,5],"16":[1,0],"17":[2,4],"18":[0,4],"19":[3,1],"20":[1,0],"21":[0,0],"22":[0,4],"23":[0,4],"24":[4,0],"25":[0,0],"26":[0,0],"27":[0,0],"28":[0,0],"29":[0,0],"30":[0,0],"31":[0,0],"32":[0,0],"33":[0,0],"34":[0,0],"35":[0,0],"36":[0,0],"37":[0,0],"38":[0,0],"39":[0,0],"40":[0,0,0],"41":[0,0],"42":[0,0],"43":[0,0],"44":[0,0],"45":[0,0]},"meta":{"lastBranch":46,"lastFunction":10,"lastStatement":162,"seen":{"f:16:2:16:14":0,"b:16:73:16:79":0,"s:17:4:17:Infinity":0,"s:18:4:18:Infinity":1,"f:21:8:21:16":1,"b:21:55:21:77":1,"s:22:4:22:Infinity":2,"b:24:4:29:Infinity:26:15:29:Infinity":2,"s:24:4:29:Infinity":3,"b:24:8:24:36:24:40:24:69":3,"s:25:6:25:Infinity":4,"b:26:15:29:Infinity:28:11:29:Infinity":4,"s:26:15:29:Infinity":5,"s:27:6:27:Infinity":6,"s:29:6:29:Infinity":7,"f:33:8:33:19":2,"s:34:4:87:Infinity":8,"s:35:6:35:Infinity":9,"s:36:23:41:8":10,"s:44:20:44:Infinity":11,"b:44:40:44:73:44:76:44:Infinity":5,"b:45:6:46:Infinity:undefined:undefined:undefined:undefined":6,"s:45:6:46:Infinity":12,"s:46:8:46:Infinity":13,"s:49:41:49:93":14,"b:49:74:49:83:49:83:49:93":7,"b:51:6:53:Infinity:undefined:undefined:undefined:undefined":8,"s:51:6:53:Infinity":15,"s:52:8:52:Infinity":16,"s:53:8:53:Infinity":17,"s:57:6:57:Infinity":18,"s:58:29:58:68":19,"s:61:19:64:25":20,"s:65:24:65:34":21,"s:66:21:66:44":22,"s:67:25:67:73":23,"s:68:6:68:Infinity":24,"s:69:23:69:58":25,"s:72:26:76:Infinity":26,"s:81:6:81:Infinity":27,"s:83:6:83:Infinity":28,"s:84:6:84:Infinity":29,"s:87:6:87:Infinity":30,"f:91:8:91:21":3,"b:91:60:91:83":9,"b:92:4:94:Infinity:undefined:undefined:undefined:undefined":10,"s:92:4:94:Infinity":31,"s:94:6:94:Infinity":32,"s:97:16:97:42":33,"s:99:23:99:Infinity":34,"b:109:4:110:Infinity:undefined:undefined:undefined:undefined":11,"s:109:4:110:Infinity":35,"b:109:8:109:17:109:17:109:37":12,"s:110:6:110:Infinity":36,"s:113:21:114:Infinity":37,"s:117:19:124:6":38,"s:126:25:126:Infinity":39,"b:126:25:126:52:126:52:126:Infinity":13,"s:128:4:128:Infinity":40,"s:130:4:130:Infinity":41,"f:133:8:133:20":4,"b:133:65:133:86":14,"s:134:4:194:Infinity":42,"b:136:6:137:Infinity:undefined:undefined:undefined:undefined":15,"s:136:6:137:Infinity":43,"s:137:8:137:Infinity":44,"b:137:29:137:49:137:49:137:53":16,"s:139:27:139:49":45,"b:141:6:143:Infinity:undefined:undefined:undefined:undefined":17,"s:141:6:143:Infinity":46,"s:142:8:142:Infinity":47,"s:143:8:143:Infinity":48,"s:146:20:146:47":49,"b:147:6:149:Infinity:undefined:undefined:undefined:undefined":18,"s:147:6:149:Infinity":50,"s:148:8:148:Infinity":51,"s:149:8:149:Infinity":52,"s:152:21:152:44":53,"s:153:18:153:58":54,"b:157:6:164:Infinity:159:17:164:Infinity":19,"s:157:6:164:Infinity":55,"s:158:8:158:Infinity":56,"b:159:17:164:Infinity:161:17:164:Infinity":20,"s:159:17:164:Infinity":57,"s:160:8:160:Infinity":58,"b:161:17:164:Infinity:163:13:164:Infinity":21,"s:161:17:164:Infinity":59,"s:162:8:162:Infinity":60,"s:164:8:164:Infinity":61,"b:169:6:174:Infinity:173:13:174:Infinity":22,"s:169:6:174:Infinity":62,"s:170:26:170:36":63,"s:171:20:171:59":64,"s:172:8:172:Infinity":65,"s:174:8:174:Infinity":66,"s:178:6:178:Infinity":67,"b:180:6:185:Infinity:184:13:185:Infinity":23,"s:180:6:185:Infinity":68,"s:181:26:181:36":69,"s:182:20:182:59":70,"s:183:8:183:Infinity":71,"s:185:8:185:Infinity":72,"s:187:6:187:Infinity":73,"s:189:6:189:Infinity":74,"s:190:6:190:Infinity":75,"s:191:6:191:Infinity":76,"b:191:40:191:47:191:47:191:59":24,"s:194:6:194:Infinity":77,"f:198:8:198:25":5,"s:199:4:267:Infinity":78,"b:200:6:201:Infinity:undefined:undefined:undefined:undefined":25,"s:200:6:201:Infinity":79,"s:201:8:201:Infinity":80,"b:201:28:201:48:201:48:201:52":26,"s:203:27:203:48":81,"b:205:6:207:Infinity:undefined:undefined:undefined:undefined":27,"s:205:6:207:Infinity":82,"s:206:8:206:Infinity":83,"s:207:8:207:Infinity":84,"s:210:20:210:47":85,"b:211:6:213:Infinity:undefined:undefined:undefined:undefined":28,"s:211:6:213:Infinity":86,"s:212:8:212:Infinity":87,"s:213:8:213:Infinity":88,"s:217:20:217:57":89,"b:219:6:221:Infinity:undefined:undefined:undefined:undefined":29,"s:219:6:221:Infinity":90,"s:220:8:220:Infinity":91,"s:221:8:221:Infinity":92,"s:224:6:224:Infinity":93,"s:227:24:227:34":94,"s:230:23:230:48":95,"s:231:6:240:Infinity":96,"b:232:8:240:Infinity:undefined:undefined:undefined:undefined":30,"s:232:8:240:Infinity":97,"b:232:12:232:32:232:36:232:62":31,"s:233:26:233:58":98,"s:234:29:234:60":99,"s:235:10:240:Infinity":100,"b:236:12:240:Infinity:undefined:undefined:undefined:undefined":32,"s:236:12:240:Infinity":101,"b:236:16:236:46:236:50:236:81":33,"s:238:34:238:75":102,"b:239:14:240:Infinity:undefined:undefined:undefined:undefined":34,"s:239:14:240:Infinity":103,"s:240:16:240:Infinity":104,"s:248:24:248:87":105,"s:249:6:249:Infinity":106,"s:250:6:254:Infinity":107,"s:251:28:251:54":108,"s:252:25:252:58":109,"s:253:8:253:Infinity":110,"s:254:8:254:Infinity":111,"s:258:6:259:Infinity":112,"s:259:8:259:Infinity":113,"s:262:6:262:Infinity":114,"b:263:6:264:Infinity:undefined:undefined:undefined:undefined":35,"s:263:6:264:Infinity":115,"s:264:8:264:Infinity":116,"s:267:6:267:Infinity":117,"f:271:16:271:32":6,"s:272:4:311:Infinity":118,"s:273:27:273:49":119,"s:274:21:274:44":120,"s:275:18:275:58":121,"s:277:35:277:Infinity":122,"b:279:6:286:Infinity:281:17:286:Infinity":36,"s:279:6:286:Infinity":123,"s:280:8:280:Infinity":124,"b:281:17:286:Infinity:283:17:286:Infinity":37,"s:281:17:286:Infinity":125,"s:282:8:282:Infinity":126,"b:283:17:286:Infinity:285:13:286:Infinity":38,"s:283:17:286:Infinity":127,"s:284:8:284:Infinity":128,"s:286:8:286:Infinity":129,"s:289:6:289:Infinity":130,"s:290:23:290:72":131,"b:293:6:306:Infinity:305:13:306:Infinity":39,"s:293:6:306:Infinity":132,"b:293:10:293:44:293:48:293:60:293:60:293:79":40,"s:294:8:294:Infinity":133,"s:296:8:302:Infinity":134,"s:297:30:297:56":135,"s:299:24:299:91":136,"s:300:10:302:Infinity":137,"f:300:36:300:44":7,"s:301:12:301:Infinity":138,"s:304:8:304:Infinity":139,"s:306:8:306:Infinity":140,"s:309:6:309:Infinity":141,"s:311:6:311:Infinity":142,"f:315:2:315:10":8,"s:316:28:316:30":143,"s:317:18:317:Infinity":144,"s:319:4:320:Infinity":145,"s:320:6:320:Infinity":146,"s:322:4:322:Infinity":147,"f:325:8:325:21":9,"s:326:32:333:Infinity":148,"s:334:28:334:30":149,"s:336:20:336:66":150,"s:338:4:350:Infinity":151,"s:339:23:339:49":152,"b:341:6:350:Infinity:347:17:350:Infinity":41,"s:341:6:350:Infinity":153,"b:343:8:345:Infinity:undefined:undefined:undefined:undefined":42,"s:343:8:345:Infinity":154,"b:343:12:343:39:343:43:343:104":43,"s:344:27:344:60":155,"s:345:10:345:Infinity":156,"b:347:17:350:Infinity:undefined:undefined:undefined:undefined":44,"s:347:17:350:Infinity":157,"s:348:20:348:58":158,"b:349:8:350:Infinity:undefined:undefined:undefined:undefined":45,"s:349:8:350:Infinity":159,"s:350:10:350:Infinity":160,"s:355:4:355:Infinity":161}}}
,"/Users/qutianyu/dev/projects/fina/src/commands/lint.ts": {"path":"/Users/qutianyu/dev/projects/fina/src/commands/lint.ts","statementMap":{"0":{"start":{"line":18,"column":32},"end":{"line":18,"column":34}},"1":{"start":{"line":21,"column":4},"end":{"line":21,"column":null}},"2":{"start":{"line":25,"column":20},"end":{"line":25,"column":44}},"3":{"start":{"line":27,"column":4},"end":{"line":27,"column":null}},"4":{"start":{"line":30,"column":4},"end":{"line":32,"column":null}},"5":{"start":{"line":31,"column":6},"end":{"line":31,"column":null}},"6":{"start":{"line":32,"column":6},"end":{"line":32,"column":null}},"7":{"start":{"line":36,"column":4},"end":{"line":36,"column":null}},"8":{"start":{"line":37,"column":4},"end":{"line":37,"column":null}},"9":{"start":{"line":40,"column":4},"end":{"line":40,"column":null}},"10":{"start":{"line":41,"column":4},"end":{"line":41,"column":null}},"11":{"start":{"line":44,"column":4},"end":{"line":44,"column":null}},"12":{"start":{"line":45,"column":4},"end":{"line":45,"column":null}},"13":{"start":{"line":48,"column":4},"end":{"line":48,"column":null}},"14":{"start":{"line":49,"column":4},"end":{"line":49,"column":null}},"15":{"start":{"line":52,"column":4},"end":{"line":52,"column":null}},"16":{"start":{"line":53,"column":4},"end":{"line":53,"column":null}},"17":{"start":{"line":56,"column":4},"end":{"line":56,"column":null}},"18":{"start":{"line":58,"column":4},"end":{"line":61,"column":null}},"19":{"start":{"line":59,"column":6},"end":{"line":59,"column":null}},"20":{"start":{"line":61,"column":6},"end":{"line":61,"column":null}},"21":{"start":{"line":66,"column":32},"end":{"line":66,"column":34}},"22":{"start":{"line":67,"column":25},"end":{"line":67,"column":56}},"23":{"start":{"line":68,"column":24},"end":{"line":68,"column":54}},"24":{"start":{"line":70,"column":4},"end":{"line":71,"column":null}},"25":{"start":{"line":71,"column":6},"end":{"line":71,"column":null}},"26":{"start":{"line":75,"column":4},"end":{"line":95,"column":null}},"27":{"start":{"line":76,"column":23},"end":{"line":76,"column":53}},"28":{"start":{"line":77,"column":6},"end":{"line":95,"column":null}},"29":{"start":{"line":78,"column":25},"end":{"line":78,"column":57}},"30":{"start":{"line":79,"column":21},"end":{"line":79,"column":44}},"31":{"start":{"line":80,"column":8},"end":{"line":95,"column":null}},"32":{"start":{"line":81,"column":10},"end":{"line":95,"column":null}},"33":{"start":{"line":82,"column":12},"end":{"line":82,"column":null}},"34":{"start":{"line":82,"column":39},"end":{"line":82,"column":null}},"35":{"start":{"line":83,"column":29},"end":{"line":83,"column":54}},"36":{"start":{"line":84,"column":28},"end":{"line":84,"column":64}},"37":{"start":{"line":85,"column":20},"end":{"line":85,"column":44}},"38":{"start":{"line":86,"column":36},"end":{"line":86,"column":71}},"39":{"start":{"line":88,"column":12},"end":{"line":95,"column":null}},"40":{"start":{"line":89,"column":14},"end":{"line":95,"column":null}},"41":{"start":{"line":103,"column":4},"end":{"line":118,"column":null}},"42":{"start":{"line":104,"column":6},"end":{"line":118,"column":null}},"43":{"start":{"line":105,"column":8},"end":{"line":105,"column":null}},"44":{"start":{"line":105,"column":35},"end":{"line":105,"column":null}},"45":{"start":{"line":106,"column":25},"end":{"line":106,"column":53}},"46":{"start":{"line":107,"column":24},"end":{"line":107,"column":60}},"47":{"start":{"line":108,"column":16},"end":{"line":108,"column":40}},"48":{"start":{"line":109,"column":26},"end":{"line":109,"column":62}},"49":{"start":{"line":111,"column":8},"end":{"line":118,"column":null}},"50":{"start":{"line":112,"column":10},"end":{"line":118,"column":null}},"51":{"start":{"line":123,"column":4},"end":{"line":123,"column":null}},"52":{"start":{"line":127,"column":32},"end":{"line":127,"column":34}},"53":{"start":{"line":128,"column":24},"end":{"line":128,"column":54}},"54":{"start":{"line":130,"column":4},"end":{"line":131,"column":null}},"55":{"start":{"line":131,"column":6},"end":{"line":131,"column":null}},"56":{"start":{"line":135,"column":29},"end":{"line":135,"column":46}},"57":{"start":{"line":136,"column":4},"end":{"line":143,"column":null}},"58":{"start":{"line":137,"column":6},"end":{"line":137,"column":null}},"59":{"start":{"line":137,"column":33},"end":{"line":137,"column":null}},"60":{"start":{"line":138,"column":23},"end":{"line":138,"column":51}},"61":{"start":{"line":139,"column":22},"end":{"line":139,"column":58}},"62":{"start":{"line":140,"column":14},"end":{"line":140,"column":38}},"63":{"start":{"line":141,"column":19},"end":{"line":141,"column":null}},"64":{"start":{"line":142,"column":6},"end":{"line":143,"column":null}},"65":{"start":{"line":143,"column":8},"end":{"line":143,"column":null}},"66":{"start":{"line":148,"column":4},"end":{"line":163,"column":null}},"67":{"start":{"line":149,"column":6},"end":{"line":149,"column":null}},"68":{"start":{"line":149,"column":33},"end":{"line":149,"column":null}},"69":{"start":{"line":150,"column":23},"end":{"line":150,"column":51}},"70":{"start":{"line":151,"column":22},"end":{"line":151,"column":58}},"71":{"start":{"line":152,"column":14},"end":{"line":152,"column":38}},"72":{"start":{"line":153,"column":30},"end":{"line":153,"column":72}},"73":{"start":{"line":155,"column":6},"end":{"line":163,"column":null}},"74":{"start":{"line":156,"column":8},"end":{"line":163,"column":null}},"75":{"start":{"line":157,"column":10},"end":{"line":163,"column":null}},"76":{"start":{"line":168,"column":4},"end":{"line":168,"column":null}},"77":{"start":{"line":172,"column":32},"end":{"line":172,"column":34}},"78":{"start":{"line":173,"column":24},"end":{"line":173,"column":54}},"79":{"start":{"line":175,"column":4},"end":{"line":176,"column":null}},"80":{"start":{"line":176,"column":6},"end":{"line":176,"column":null}},"81":{"start":{"line":180,"column":80},"end":{"line":180,"column":82}},"82":{"start":{"line":181,"column":4},"end":{"line":189,"column":null}},"83":{"start":{"line":182,"column":6},"end":{"line":182,"column":null}},"84":{"start":{"line":182,"column":33},"end":{"line":182,"column":null}},"85":{"start":{"line":183,"column":23},"end":{"line":183,"column":51}},"86":{"start":{"line":184,"column":22},"end":{"line":184,"column":58}},"87":{"start":{"line":185,"column":29},"end":{"line":185,"column":53}},"88":{"start":{"line":186,"column":19},"end":{"line":186,"column":66}},"89":{"start":{"line":187,"column":25},"end":{"line":187,"column":null}},"90":{"start":{"line":188,"column":6},"end":{"line":189,"column":null}},"91":{"start":{"line":189,"column":8},"end":{"line":189,"column":null}},"92":{"start":{"line":193,"column":4},"end":{"line":194,"column":null}},"93":{"start":{"line":194,"column":6},"end":{"line":194,"column":null}},"94":{"start":{"line":198,"column":25},"end":{"line":200,"column":17}},"95":{"start":{"line":199,"column":16},"end":{"line":199,"column":69}},"96":{"start":{"line":202,"column":19},"end":{"line":204,"column":null}},"97":{"start":{"line":212,"column":4},"end":{"line":244,"column":null}},"98":{"start":{"line":213,"column":6},"end":{"line":215,"column":null}},"99":{"start":{"line":214,"column":8},"end":{"line":214,"column":null}},"100":{"start":{"line":215,"column":8},"end":{"line":215,"column":null}},"101":{"start":{"line":218,"column":21},"end":{"line":218,"column":47}},"102":{"start":{"line":219,"column":23},"end":{"line":226,"column":8}},"103":{"start":{"line":228,"column":21},"end":{"line":228,"column":null}},"104":{"start":{"line":230,"column":6},"end":{"line":240,"column":null}},"105":{"start":{"line":232,"column":37},"end":{"line":232,"column":104}},"106":{"start":{"line":233,"column":8},"end":{"line":240,"column":null}},"107":{"start":{"line":234,"column":10},"end":{"line":240,"column":null}},"108":{"start":{"line":244,"column":6},"end":{"line":244,"column":null}},"109":{"start":{"line":247,"column":4},"end":{"line":247,"column":null}},"110":{"start":{"line":251,"column":32},"end":{"line":251,"column":34}},"111":{"start":{"line":252,"column":25},"end":{"line":252,"column":56}},"112":{"start":{"line":253,"column":24},"end":{"line":253,"column":54}},"113":{"start":{"line":254,"column":23},"end":{"line":254,"column":33}},"114":{"start":{"line":255,"column":4},"end":{"line":255,"column":null}},"115":{"start":{"line":258,"column":4},"end":{"line":280,"column":null}},"116":{"start":{"line":259,"column":23},"end":{"line":259,"column":53}},"117":{"start":{"line":260,"column":6},"end":{"line":280,"column":null}},"118":{"start":{"line":261,"column":25},"end":{"line":261,"column":57}},"119":{"start":{"line":262,"column":21},"end":{"line":262,"column":44}},"120":{"start":{"line":263,"column":8},"end":{"line":280,"column":null}},"121":{"start":{"line":264,"column":10},"end":{"line":280,"column":null}},"122":{"start":{"line":265,"column":12},"end":{"line":265,"column":null}},"123":{"start":{"line":265,"column":39},"end":{"line":265,"column":null}},"124":{"start":{"line":266,"column":29},"end":{"line":266,"column":54}},"125":{"start":{"line":267,"column":26},"end":{"line":267,"column":49}},"126":{"start":{"line":268,"column":28},"end":{"line":268,"column":49}},"127":{"start":{"line":270,"column":12},"end":{"line":280,"column":null}},"128":{"start":{"line":271,"column":30},"end":{"line":271,"column":66}},"129":{"start":{"line":272,"column":22},"end":{"line":272,"column":46}},"130":{"start":{"line":273,"column":38},"end":{"line":273,"column":106}},"131":{"start":{"line":274,"column":14},"end":{"line":280,"column":null}},"132":{"start":{"line":288,"column":4},"end":{"line":305,"column":null}},"133":{"start":{"line":289,"column":6},"end":{"line":305,"column":null}},"134":{"start":{"line":290,"column":8},"end":{"line":290,"column":null}},"135":{"start":{"line":290,"column":35},"end":{"line":290,"column":null}},"136":{"start":{"line":291,"column":25},"end":{"line":291,"column":53}},"137":{"start":{"line":292,"column":22},"end":{"line":292,"column":45}},"138":{"start":{"line":293,"column":24},"end":{"line":293,"column":45}},"139":{"start":{"line":295,"column":8},"end":{"line":305,"column":null}},"140":{"start":{"line":296,"column":26},"end":{"line":296,"column":62}},"141":{"start":{"line":297,"column":18},"end":{"line":297,"column":42}},"142":{"start":{"line":298,"column":34},"end":{"line":298,"column":102}},"143":{"start":{"line":299,"column":10},"end":{"line":305,"column":null}},"144":{"start":{"line":310,"column":4},"end":{"line":310,"column":null}},"145":{"start":{"line":314,"column":32},"end":{"line":314,"column":34}},"146":{"start":{"line":315,"column":30},"end":{"line":315,"column":71}},"147":{"start":{"line":317,"column":4},"end":{"line":318,"column":null}},"148":{"start":{"line":318,"column":6},"end":{"line":318,"column":null}},"149":{"start":{"line":322,"column":26},"end":{"line":322,"column":62}},"150":{"start":{"line":323,"column":21},"end":{"line":323,"column":49}},"151":{"start":{"line":324,"column":26},"end":{"line":325,"column":null}},"152":{"start":{"line":325,"column":63},"end":{"line":325,"column":81}},"153":{"start":{"line":329,"column":4},"end":{"line":352,"column":null}},"154":{"start":{"line":330,"column":12},"end":{"line":330,"column":107}},"155":{"start":{"line":330,"column":94},"end":{"line":330,"column":107}},"156":{"start":{"line":332,"column":6},"end":{"line":352,"column":null}},"157":{"start":{"line":333,"column":8},"end":{"line":333,"column":null}},"158":{"start":{"line":333,"column":41},"end":{"line":333,"column":null}},"159":{"start":{"line":335,"column":14},"end":{"line":335,"column":59}},"160":{"start":{"line":336,"column":27},"end":{"line":336,"column":86}},"161":{"start":{"line":336,"column":73},"end":{"line":336,"column":86}},"162":{"start":{"line":339,"column":28},"end":{"line":339,"column":83}},"163":{"start":{"line":339,"column":60},"end":{"line":339,"column":82}},"164":{"start":{"line":342,"column":32},"end":{"line":343,"column":60}},"165":{"start":{"line":345,"column":8},"end":{"line":352,"column":null}},"166":{"start":{"line":346,"column":10},"end":{"line":352,"column":null}},"167":{"start":{"line":358,"column":17},"end":{"line":358,"column":34}},"168":{"start":{"line":359,"column":4},"end":{"line":364,"column":null}},"169":{"start":{"line":360,"column":18},"end":{"line":360,"column":null}},"170":{"start":{"line":361,"column":6},"end":{"line":361,"column":null}},"171":{"start":{"line":361,"column":25},"end":{"line":361,"column":null}},"172":{"start":{"line":362,"column":6},"end":{"line":362,"column":null}},"173":{"start":{"line":363,"column":6},"end":{"line":363,"column":null}},"174":{"start":{"line":368,"column":4},"end":{"line":368,"column":null}},"175":{"start":{"line":368,"column":16},"end":{"line":368,"column":null}},"176":{"start":{"line":369,"column":4},"end":{"line":369,"column":null}},"177":{"start":{"line":369,"column":30},"end":{"line":369,"column":null}},"178":{"start":{"line":370,"column":4},"end":{"line":371,"column":null}},"179":{"start":{"line":371,"column":6},"end":{"line":371,"column":null}},"180":{"start":{"line":371,"column":45},"end":{"line":371,"column":53}},"181":{"start":{"line":373,"column":4},"end":{"line":373,"column":null}},"182":{"start":{"line":377,"column":4},"end":{"line":380,"column":null}},"183":{"start":{"line":384,"column":4},"end":{"line":385,"column":null}},"184":{"start":{"line":385,"column":6},"end":{"line":385,"column":null}},"185":{"start":{"line":389,"column":19},"end":{"line":389,"column":66}},"186":{"start":{"line":389,"column":43},"end":{"line":389,"column":66}},"187":{"start":{"line":390,"column":21},"end":{"line":390,"column":70}},"188":{"start":{"line":390,"column":45},"end":{"line":390,"column":70}},"189":{"start":{"line":391,"column":18},"end":{"line":391,"column":64}},"190":{"start":{"line":391,"column":42},"end":{"line":391,"column":64}},"191":{"start":{"line":393,"column":4},"end":{"line":393,"column":null}},"192":{"start":{"line":395,"column":4},"end":{"line":401,"column":null}},"193":{"start":{"line":396,"column":6},"end":{"line":396,"column":null}},"194":{"start":{"line":397,"column":6},"end":{"line":401,"column":null}},"195":{"start":{"line":398,"column":8},"end":{"line":398,"column":null}},"196":{"start":{"line":399,"column":8},"end":{"line":399,"column":null}},"197":{"start":{"line":400,"column":8},"end":{"line":401,"column":null}},"198":{"start":{"line":401,"column":10},"end":{"line":401,"column":null}},"199":{"start":{"line":406,"column":4},"end":{"line":412,"column":null}},"200":{"start":{"line":407,"column":6},"end":{"line":407,"column":null}},"201":{"start":{"line":408,"column":6},"end":{"line":412,"column":null}},"202":{"start":{"line":409,"column":8},"end":{"line":409,"column":null}},"203":{"start":{"line":410,"column":8},"end":{"line":410,"column":null}},"204":{"start":{"line":411,"column":8},"end":{"line":412,"column":null}},"205":{"start":{"line":412,"column":10},"end":{"line":412,"column":null}},"206":{"start":{"line":417,"column":4},"end":{"line":429,"column":null}},"207":{"start":{"line":418,"column":6},"end":{"line":418,"column":null}},"208":{"start":{"line":420,"column":25},"end":{"line":420,"column":43}},"209":{"start":{"line":421,"column":6},"end":{"line":425,"column":null}},"210":{"start":{"line":422,"column":8},"end":{"line":422,"column":null}},"211":{"start":{"line":423,"column":8},"end":{"line":423,"column":null}},"212":{"start":{"line":424,"column":8},"end":{"line":425,"column":null}},"213":{"start":{"line":425,"column":10},"end":{"line":425,"column":null}},"214":{"start":{"line":428,"column":6},"end":{"line":429,"column":null}},"215":{"start":{"line":429,"column":8},"end":{"line":429,"column":null}},"216":{"start":{"line":433,"column":4},"end":{"line":433,"column":null}}},"fnMap":{"0":{"name":"(anonymous_0)","decl":{"start":{"line":20,"column":2},"end":{"line":20,"column":14}},"loc":{"start":{"line":20,"column":37},"end":{"line":21,"column":null}},"line":20},"1":{"name":"(anonymous_1)","decl":{"start":{"line":24,"column":8},"end":{"line":24,"column":33}},"loc":{"start":{"line":24,"column":33},"end":{"line":61,"column":null}},"line":24},"2":{"name":"(anonymous_2)","decl":{"start":{"line":65,"column":16},"end":{"line":65,"column":34}},"loc":{"start":{"line":65,"column":73},"end":{"line":123,"column":null}},"line":65},"3":{"name":"(anonymous_3)","decl":{"start":{"line":126,"column":16},"end":{"line":126,"column":39}},"loc":{"start":{"line":126,"column":78},"end":{"line":168,"column":null}},"line":126},"4":{"name":"(anonymous_4)","decl":{"start":{"line":171,"column":16},"end":{"line":171,"column":35}},"loc":{"start":{"line":171,"column":74},"end":{"line":247,"column":null}},"line":171},"5":{"name":"(anonymous_5)","decl":{"start":{"line":199,"column":7},"end":{"line":199,"column":11}},"loc":{"start":{"line":199,"column":16},"end":{"line":199,"column":69}},"line":199},"6":{"name":"(anonymous_6)","decl":{"start":{"line":250,"column":16},"end":{"line":250,"column":33}},"loc":{"start":{"line":250,"column":97},"end":{"line":310,"column":null}},"line":250},"7":{"name":"(anonymous_7)","decl":{"start":{"line":313,"column":16},"end":{"line":313,"column":33}},"loc":{"start":{"line":313,"column":72},"end":{"line":364,"column":null}},"line":313},"8":{"name":"(anonymous_8)","decl":{"start":{"line":325,"column":42},"end":{"line":325,"column":47}},"loc":{"start":{"line":325,"column":63},"end":{"line":325,"column":81}},"line":325},"9":{"name":"(anonymous_9)","decl":{"start":{"line":330,"column":72},"end":{"line":330,"column":80}},"loc":{"start":{"line":330,"column":94},"end":{"line":330,"column":107}},"line":330},"10":{"name":"(anonymous_10)","decl":{"start":{"line":336,"column":51},"end":{"line":336,"column":59}},"loc":{"start":{"line":336,"column":73},"end":{"line":336,"column":86}},"line":336},"11":{"name":"(anonymous_11)","decl":{"start":{"line":339,"column":38},"end":{"line":339,"column":46}},"loc":{"start":{"line":339,"column":60},"end":{"line":339,"column":82}},"line":339},"12":{"name":"(anonymous_12)","decl":{"start":{"line":359,"column":18},"end":{"line":359,"column":25}},"loc":{"start":{"line":359,"column":34},"end":{"line":364,"column":null}},"line":359},"13":{"name":"(anonymous_13)","decl":{"start":{"line":367,"column":2},"end":{"line":367,"column":10}},"loc":{"start":{"line":367,"column":51},"end":{"line":373,"column":null}},"line":367},"14":{"name":"(anonymous_14)","decl":{"start":{"line":371,"column":36},"end":{"line":371,"column":40}},"loc":{"start":{"line":371,"column":45},"end":{"line":371,"column":53}},"line":371},"15":{"name":"(anonymous_15)","decl":{"start":{"line":376,"column":2},"end":{"line":376,"column":10}},"loc":{"start":{"line":376,"column":39},"end":{"line":380,"column":null}},"line":376},"16":{"name":"(anonymous_16)","decl":{"start":{"line":383,"column":2},"end":{"line":383,"column":10}},"loc":{"start":{"line":383,"column":30},"end":{"line":433,"column":null}},"line":383},"17":{"name":"(anonymous_17)","decl":{"start":{"line":389,"column":31},"end":{"line":389,"column":38}},"loc":{"start":{"line":389,"column":43},"end":{"line":389,"column":66}},"line":389},"18":{"name":"(anonymous_18)","decl":{"start":{"line":390,"column":33},"end":{"line":390,"column":40}},"loc":{"start":{"line":390,"column":45},"end":{"line":390,"column":70}},"line":390},"19":{"name":"(anonymous_19)","decl":{"start":{"line":391,"column":30},"end":{"line":391,"column":37}},"loc":{"start":{"line":391,"column":42},"end":{"line":391,"column":64}},"line":391}},"branchMap":{"0":{"loc":{"start":{"line":30,"column":4},"end":{"line":32,"column":null}},"type":"if","locations":[{"start":{"line":30,"column":4},"end":{"line":32,"column":null}},{"start":{},"end":{}}],"line":30},"1":{"loc":{"start":{"line":58,"column":4},"end":{"line":61,"column":null}},"type":"if","locations":[{"start":{"line":58,"column":4},"end":{"line":61,"column":null}},{"start":{"line":60,"column":11},"end":{"line":61,"column":null}}],"line":58},"2":{"loc":{"start":{"line":70,"column":4},"end":{"line":71,"column":null}},"type":"if","locations":[{"start":{"line":70,"column":4},"end":{"line":71,"column":null}},{"start":{},"end":{}}],"line":70},"3":{"loc":{"start":{"line":70,"column":8},"end":{"line":70,"column":79}},"type":"binary-expr","locations":[{"start":{"line":70,"column":8},"end":{"line":70,"column":42}},{"start":{"line":70,"column":46},"end":{"line":70,"column":79}}],"line":70},"4":{"loc":{"start":{"line":75,"column":4},"end":{"line":95,"column":null}},"type":"if","locations":[{"start":{"line":75,"column":4},"end":{"line":95,"column":null}},{"start":{},"end":{}}],"line":75},"5":{"loc":{"start":{"line":80,"column":8},"end":{"line":95,"column":null}},"type":"if","locations":[{"start":{"line":80,"column":8},"end":{"line":95,"column":null}},{"start":{},"end":{}}],"line":80},"6":{"loc":{"start":{"line":82,"column":12},"end":{"line":82,"column":null}},"type":"if","locations":[{"start":{"line":82,"column":12},"end":{"line":82,"column":null}},{"start":{},"end":{}}],"line":82},"7":{"loc":{"start":{"line":88,"column":12},"end":{"line":95,"column":null}},"type":"if","locations":[{"start":{"line":88,"column":12},"end":{"line":95,"column":null}},{"start":{},"end":{}}],"line":88},"8":{"loc":{"start":{"line":103,"column":4},"end":{"line":118,"column":null}},"type":"if","locations":[{"start":{"line":103,"column":4},"end":{"line":118,"column":null}},{"start":{},"end":{}}],"line":103},"9":{"loc":{"start":{"line":105,"column":8},"end":{"line":105,"column":null}},"type":"if","locations":[{"start":{"line":105,"column":8},"end":{"line":105,"column":null}},{"start":{},"end":{}}],"line":105},"10":{"loc":{"start":{"line":111,"column":8},"end":{"line":118,"column":null}},"type":"if","locations":[{"start":{"line":111,"column":8},"end":{"line":118,"column":null}},{"start":{},"end":{}}],"line":111},"11":{"loc":{"start":{"line":130,"column":4},"end":{"line":131,"column":null}},"type":"if","locations":[{"start":{"line":130,"column":4},"end":{"line":131,"column":null}},{"start":{},"end":{}}],"line":130},"12":{"loc":{"start":{"line":137,"column":6},"end":{"line":137,"column":null}},"type":"if","locations":[{"start":{"line":137,"column":6},"end":{"line":137,"column":null}},{"start":{},"end":{}}],"line":137},"13":{"loc":{"start":{"line":142,"column":6},"end":{"line":143,"column":null}},"type":"if","locations":[{"start":{"line":142,"column":6},"end":{"line":143,"column":null}},{"start":{},"end":{}}],"line":142},"14":{"loc":{"start":{"line":149,"column":6},"end":{"line":149,"column":null}},"type":"if","locations":[{"start":{"line":149,"column":6},"end":{"line":149,"column":null}},{"start":{},"end":{}}],"line":149},"15":{"loc":{"start":{"line":156,"column":8},"end":{"line":163,"column":null}},"type":"if","locations":[{"start":{"line":156,"column":8},"end":{"line":163,"column":null}},{"start":{},"end":{}}],"line":156},"16":{"loc":{"start":{"line":175,"column":4},"end":{"line":176,"column":null}},"type":"if","locations":[{"start":{"line":175,"column":4},"end":{"line":176,"column":null}},{"start":{},"end":{}}],"line":175},"17":{"loc":{"start":{"line":182,"column":6},"end":{"line":182,"column":null}},"type":"if","locations":[{"start":{"line":182,"column":6},"end":{"line":182,"column":null}},{"start":{},"end":{}}],"line":182},"18":{"loc":{"start":{"line":186,"column":19},"end":{"line":186,"column":66}},"type":"binary-expr","locations":[{"start":{"line":186,"column":19},"end":{"line":186,"column":43}},{"start":{"line":186,"column":43},"end":{"line":186,"column":66}}],"line":186},"19":{"loc":{"start":{"line":187,"column":25},"end":{"line":187,"column":null}},"type":"binary-expr","locations":[{"start":{"line":187,"column":25},"end":{"line":187,"column":37}},{"start":{"line":187,"column":42},"end":{"line":187,"column":73}},{"start":{"line":187,"column":73},"end":{"line":187,"column":null}}],"line":187},"20":{"loc":{"start":{"line":188,"column":6},"end":{"line":189,"column":null}},"type":"if","locations":[{"start":{"line":188,"column":6},"end":{"line":189,"column":null}},{"start":{},"end":{}}],"line":188},"21":{"loc":{"start":{"line":193,"column":4},"end":{"line":194,"column":null}},"type":"if","locations":[{"start":{"line":193,"column":4},"end":{"line":194,"column":null}},{"start":{},"end":{}}],"line":193},"22":{"loc":{"start":{"line":213,"column":6},"end":{"line":215,"column":null}},"type":"if","locations":[{"start":{"line":213,"column":6},"end":{"line":215,"column":null}},{"start":{},"end":{}}],"line":213},"23":{"loc":{"start":{"line":228,"column":21},"end":{"line":228,"column":null}},"type":"binary-expr","locations":[{"start":{"line":228,"column":21},"end":{"line":228,"column":50}},{"start":{"line":228,"column":50},"end":{"line":228,"column":null}}],"line":228},"24":{"loc":{"start":{"line":230,"column":6},"end":{"line":240,"column":null}},"type":"if","locations":[{"start":{"line":230,"column":6},"end":{"line":240,"column":null}},{"start":{},"end":{}}],"line":230},"25":{"loc":{"start":{"line":250,"column":50},"end":{"line":250,"column":97}},"type":"default-arg","locations":[{"start":{"line":250,"column":71},"end":{"line":250,"column":97}}],"line":250},"26":{"loc":{"start":{"line":258,"column":4},"end":{"line":280,"column":null}},"type":"if","locations":[{"start":{"line":258,"column":4},"end":{"line":280,"column":null}},{"start":{},"end":{}}],"line":258},"27":{"loc":{"start":{"line":263,"column":8},"end":{"line":280,"column":null}},"type":"if","locations":[{"start":{"line":263,"column":8},"end":{"line":280,"column":null}},{"start":{},"end":{}}],"line":263},"28":{"loc":{"start":{"line":265,"column":12},"end":{"line":265,"column":null}},"type":"if","locations":[{"start":{"line":265,"column":12},"end":{"line":265,"column":null}},{"start":{},"end":{}}],"line":265},"29":{"loc":{"start":{"line":270,"column":12},"end":{"line":280,"column":null}},"type":"if","locations":[{"start":{"line":270,"column":12},"end":{"line":280,"column":null}},{"start":{},"end":{}}],"line":270},"30":{"loc":{"start":{"line":279,"column":64},"end":{"line":279,"column":null}},"type":"binary-expr","locations":[{"start":{"line":279,"column":64},"end":{"line":279,"column":79}},{"start":{"line":279,"column":79},"end":{"line":279,"column":null}}],"line":279},"31":{"loc":{"start":{"line":288,"column":4},"end":{"line":305,"column":null}},"type":"if","locations":[{"start":{"line":288,"column":4},"end":{"line":305,"column":null}},{"start":{},"end":{}}],"line":288},"32":{"loc":{"start":{"line":290,"column":8},"end":{"line":290,"column":null}},"type":"if","locations":[{"start":{"line":290,"column":8},"end":{"line":290,"column":null}},{"start":{},"end":{}}],"line":290},"33":{"loc":{"start":{"line":295,"column":8},"end":{"line":305,"column":null}},"type":"if","locations":[{"start":{"line":295,"column":8},"end":{"line":305,"column":null}},{"start":{},"end":{}}],"line":295},"34":{"loc":{"start":{"line":304,"column":55},"end":{"line":304,"column":92}},"type":"binary-expr","locations":[{"start":{"line":304,"column":55},"end":{"line":304,"column":69}},{"start":{"line":304,"column":69},"end":{"line":304,"column":92}}],"line":304},"35":{"loc":{"start":{"line":317,"column":4},"end":{"line":318,"column":null}},"type":"if","locations":[{"start":{"line":317,"column":4},"end":{"line":318,"column":null}},{"start":{},"end":{}}],"line":317},"36":{"loc":{"start":{"line":323,"column":21},"end":{"line":323,"column":49}},"type":"binary-expr","locations":[{"start":{"line":323,"column":21},"end":{"line":323,"column":47}},{"start":{"line":323,"column":47},"end":{"line":323,"column":49}}],"line":323},"37":{"loc":{"start":{"line":325,"column":7},"end":{"line":325,"column":40}},"type":"binary-expr","locations":[{"start":{"line":325,"column":7},"end":{"line":325,"column":38}},{"start":{"line":325,"column":38},"end":{"line":325,"column":40}}],"line":325},"38":{"loc":{"start":{"line":330,"column":25},"end":{"line":330,"column":45}},"type":"binary-expr","locations":[{"start":{"line":330,"column":25},"end":{"line":330,"column":41}},{"start":{"line":330,"column":41},"end":{"line":330,"column":45}}],"line":330},"39":{"loc":{"start":{"line":333,"column":8},"end":{"line":333,"column":null}},"type":"if","locations":[{"start":{"line":333,"column":8},"end":{"line":333,"column":null}},{"start":{},"end":{}}],"line":333},"40":{"loc":{"start":{"line":335,"column":28},"end":{"line":335,"column":46}},"type":"binary-expr","locations":[{"start":{"line":335,"column":28},"end":{"line":335,"column":42}},{"start":{"line":335,"column":42},"end":{"line":335,"column":46}}],"line":335},"41":{"loc":{"start":{"line":342,"column":32},"end":{"line":343,"column":60}},"type":"binary-expr","locations":[{"start":{"line":342,"column":32},"end":{"line":342,"column":82}},{"start":{"line":343,"column":10},"end":{"line":343,"column":60}}],"line":342},"42":{"loc":{"start":{"line":345,"column":8},"end":{"line":352,"column":null}},"type":"if","locations":[{"start":{"line":345,"column":8},"end":{"line":352,"column":null}},{"start":{},"end":{}}],"line":345},"43":{"loc":{"start":{"line":345,"column":12},"end":{"line":345,"column":56}},"type":"binary-expr","locations":[{"start":{"line":345,"column":12},"end":{"line":345,"column":38}},{"start":{"line":345,"column":38},"end":{"line":345,"column":56}}],"line":345},"44":{"loc":{"start":{"line":361,"column":6},"end":{"line":361,"column":null}},"type":"if","locations":[{"start":{"line":361,"column":6},"end":{"line":361,"column":null}},{"start":{},"end":{}}],"line":361},"45":{"loc":{"start":{"line":368,"column":4},"end":{"line":368,"column":null}},"type":"if","locations":[{"start":{"line":368,"column":4},"end":{"line":368,"column":null}},{"start":{},"end":{}}],"line":368},"46":{"loc":{"start":{"line":369,"column":4},"end":{"line":369,"column":null}},"type":"if","locations":[{"start":{"line":369,"column":4},"end":{"line":369,"column":null}},{"start":{},"end":{}}],"line":369},"47":{"loc":{"start":{"line":370,"column":4},"end":{"line":371,"column":null}},"type":"if","locations":[{"start":{"line":370,"column":4},"end":{"line":371,"column":null}},{"start":{},"end":{}}],"line":370},"48":{"loc":{"start":{"line":384,"column":4},"end":{"line":385,"column":null}},"type":"if","locations":[{"start":{"line":384,"column":4},"end":{"line":385,"column":null}},{"start":{},"end":{}}],"line":384},"49":{"loc":{"start":{"line":395,"column":4},"end":{"line":401,"column":null}},"type":"if","locations":[{"start":{"line":395,"column":4},"end":{"line":401,"column":null}},{"start":{},"end":{}}],"line":395},"50":{"loc":{"start":{"line":400,"column":8},"end":{"line":401,"column":null}},"type":"if","locations":[{"start":{"line":400,"column":8},"end":{"line":401,"column":null}},{"start":{},"end":{}}],"line":400},"51":{"loc":{"start":{"line":406,"column":4},"end":{"line":412,"column":null}},"type":"if","locations":[{"start":{"line":406,"column":4},"end":{"line":412,"column":null}},{"start":{},"end":{}}],"line":406},"52":{"loc":{"start":{"line":411,"column":8},"end":{"line":412,"column":null}},"type":"if","locations":[{"start":{"line":411,"column":8},"end":{"line":412,"column":null}},{"start":{},"end":{}}],"line":411},"53":{"loc":{"start":{"line":417,"column":4},"end":{"line":429,"column":null}},"type":"if","locations":[{"start":{"line":417,"column":4},"end":{"line":429,"column":null}},{"start":{},"end":{}}],"line":417},"54":{"loc":{"start":{"line":424,"column":8},"end":{"line":425,"column":null}},"type":"if","locations":[{"start":{"line":424,"column":8},"end":{"line":425,"column":null}},{"start":{},"end":{}}],"line":424},"55":{"loc":{"start":{"line":428,"column":6},"end":{"line":429,"column":null}},"type":"if","locations":[{"start":{"line":428,"column":6},"end":{"line":429,"column":null}},{"start":{},"end":{}}],"line":428}},"s":{"0":5,"1":5,"2":5,"3":5,"4":5,"5":1,"6":1,"7":4,"8":4,"9":4,"10":4,"11":4,"12":4,"13":4,"14":4,"15":4,"16":4,"17":4,"18":4,"19":1,"20":3,"21":4,"22":4,"23":4,"24":4,"25":0,"26":4,"27":4,"28":4,"29":2,"30":2,"31":2,"32":2,"33":2,"34":0,"35":2,"36":2,"37":2,"38":2,"39":2,"40":1,"41":4,"42":4,"43":3,"44":0,"45":3,"46":3,"47":3,"48":3,"49":3,"50":2,"51":4,"52":4,"53":4,"54":4,"55":0,"56":4,"57":4,"58":3,"59":0,"60":3,"61":3,"62":3,"63":3,"64":3,"65":3,"66":4,"67":3,"68":0,"69":3,"70":3,"71":3,"72":3,"73":3,"74":1,"75":1,"76":4,"77":4,"78":4,"79":4,"80":0,"81":4,"82":4,"83":3,"84":0,"85":3,"86":3,"87":3,"88":3,"89":3,"90":3,"91":3,"92":4,"93":4,"94":0,"95":0,"96":0,"97":0,"98":0,"99":0,"100":0,"101":0,"102":0,"103":0,"104":4,"105":0,"106":0,"107":0,"108":0,"109":0,"110":4,"111":4,"112":4,"113":4,"114":4,"115":4,"116":4,"117":4,"118":2,"119":2,"120":2,"121":2,"122":2,"123":0,"124":2,"125":2,"126":2,"127":2,"128":0,"129":0,"130":0,"131":0,"132":4,"133":4,"134":3,"135":0,"136":3,"137":3,"138":3,"139":3,"140":0,"141":0,"142":0,"143":0,"144":4,"145":4,"146":4,"147":4,"148":4,"149":0,"150":0,"151":4,"152":0,"153":4,"154":0,"155":0,"156":0,"157":0,"158":0,"159":0,"160":0,"161":0,"162":0,"163":0,"164":0,"165":0,"166":0,"167":0,"168":0,"169":0,"170":0,"171":0,"172":0,"173":0,"174":8,"175":2,"176":6,"177":6,"178":0,"179":0,"180":0,"181":0,"182":0,"183":4,"184":1,"185":3,"186":4,"187":3,"188":4,"189":3,"190":4,"191":3,"192":3,"193":1,"194":1,"195":1,"196":1,"197":1,"198":1,"199":3,"200":3,"201":3,"202":3,"203":3,"204":3,"205":3,"206":3,"207":0,"208":0,"209":0,"210":0,"211":0,"212":0,"213":0,"214":0,"215":0,"216":3},"f":{"0":5,"1":5,"2":4,"3":4,"4":4,"5":0,"6":4,"7":4,"8":0,"9":0,"10":0,"11":0,"12":0,"13":8,"14":0,"15":0,"16":4,"17":4,"18":4,"19":4},"b":{"0":[1,4],"1":[1,3],"2":[0,4],"3":[4,0],"4":[4,0],"5":[2,0],"6":[0,2],"7":[1,1],"8":[4,0],"9":[0,3],"10":[2,1],"11":[0,4],"12":[0,3],"13":[3,0],"14":[0,3],"15":[1,0],"16":[0,4],"17":[0,3],"18":[3,0],"19":[3,0,0],"20":[3,0],"21":[4,0],"22":[0,0],"23":[0,0],"24":[0,4],"25":[4],"26":[4,0],"27":[2,0],"28":[0,2],"29":[0,2],"30":[0,0],"31":[4,0],"32":[0,3],"33":[0,3],"34":[0,0],"35":[4,0],"36":[0,0],"37":[4,0],"38":[0,0],"39":[0,0],"40":[0,0],"41":[0,0],"42":[0,0],"43":[0,0],"44":[0,0],"45":[2,6],"46":[6,0],"47":[0,0],"48":[1,3],"49":[1,2],"50":[1,0],"51":[3,0],"52":[3,0],"53":[0,3],"54":[0,0],"55":[0,0]},"meta":{"lastBranch":56,"lastFunction":20,"lastStatement":217,"seen":{"s:18:32:18:34":0,"f:20:2:20:14":0,"s:21:4:21:Infinity":1,"f:24:8:24:33":1,"s:25:20:25:44":2,"s:27:4:27:Infinity":3,"b:30:4:32:Infinity:undefined:undefined:undefined:undefined":0,"s:30:4:32:Infinity":4,"s:31:6:31:Infinity":5,"s:32:6:32:Infinity":6,"s:36:4:36:Infinity":7,"s:37:4:37:Infinity":8,"s:40:4:40:Infinity":9,"s:41:4:41:Infinity":10,"s:44:4:44:Infinity":11,"s:45:4:45:Infinity":12,"s:48:4:48:Infinity":13,"s:49:4:49:Infinity":14,"s:52:4:52:Infinity":15,"s:53:4:53:Infinity":16,"s:56:4:56:Infinity":17,"b:58:4:61:Infinity:60:11:61:Infinity":1,"s:58:4:61:Infinity":18,"s:59:6:59:Infinity":19,"s:61:6:61:Infinity":20,"f:65:16:65:34":2,"s:66:32:66:34":21,"s:67:25:67:56":22,"s:68:24:68:54":23,"b:70:4:71:Infinity:undefined:undefined:undefined:undefined":2,"s:70:4:71:Infinity":24,"b:70:8:70:42:70:46:70:79":3,"s:71:6:71:Infinity":25,"b:75:4:95:Infinity:undefined:undefined:undefined:undefined":4,"s:75:4:95:Infinity":26,"s:76:23:76:53":27,"s:77:6:95:Infinity":28,"s:78:25:78:57":29,"s:79:21:79:44":30,"b:80:8:95:Infinity:undefined:undefined:undefined:undefined":5,"s:80:8:95:Infinity":31,"s:81:10:95:Infinity":32,"b:82:12:82:Infinity:undefined:undefined:undefined:undefined":6,"s:82:12:82:Infinity":33,"s:82:39:82:Infinity":34,"s:83:29:83:54":35,"s:84:28:84:64":36,"s:85:20:85:44":37,"s:86:36:86:71":38,"b:88:12:95:Infinity:undefined:undefined:undefined:undefined":7,"s:88:12:95:Infinity":39,"s:89:14:95:Infinity":40,"b:103:4:118:Infinity:undefined:undefined:undefined:undefined":8,"s:103:4:118:Infinity":41,"s:104:6:118:Infinity":42,"b:105:8:105:Infinity:undefined:undefined:undefined:undefined":9,"s:105:8:105:Infinity":43,"s:105:35:105:Infinity":44,"s:106:25:106:53":45,"s:107:24:107:60":46,"s:108:16:108:40":47,"s:109:26:109:62":48,"b:111:8:118:Infinity:undefined:undefined:undefined:undefined":10,"s:111:8:118:Infinity":49,"s:112:10:118:Infinity":50,"s:123:4:123:Infinity":51,"f:126:16:126:39":3,"s:127:32:127:34":52,"s:128:24:128:54":53,"b:130:4:131:Infinity:undefined:undefined:undefined:undefined":11,"s:130:4:131:Infinity":54,"s:131:6:131:Infinity":55,"s:135:29:135:46":56,"s:136:4:143:Infinity":57,"b:137:6:137:Infinity:undefined:undefined:undefined:undefined":12,"s:137:6:137:Infinity":58,"s:137:33:137:Infinity":59,"s:138:23:138:51":60,"s:139:22:139:58":61,"s:140:14:140:38":62,"s:141:19:141:Infinity":63,"b:142:6:143:Infinity:undefined:undefined:undefined:undefined":13,"s:142:6:143:Infinity":64,"s:143:8:143:Infinity":65,"s:148:4:163:Infinity":66,"b:149:6:149:Infinity:undefined:undefined:undefined:undefined":14,"s:149:6:149:Infinity":67,"s:149:33:149:Infinity":68,"s:150:23:150:51":69,"s:151:22:151:58":70,"s:152:14:152:38":71,"s:153:30:153:72":72,"s:155:6:163:Infinity":73,"b:156:8:163:Infinity:undefined:undefined:undefined:undefined":15,"s:156:8:163:Infinity":74,"s:157:10:163:Infinity":75,"s:168:4:168:Infinity":76,"f:171:16:171:35":4,"s:172:32:172:34":77,"s:173:24:173:54":78,"b:175:4:176:Infinity:undefined:undefined:undefined:undefined":16,"s:175:4:176:Infinity":79,"s:176:6:176:Infinity":80,"s:180:80:180:82":81,"s:181:4:189:Infinity":82,"b:182:6:182:Infinity:undefined:undefined:undefined:undefined":17,"s:182:6:182:Infinity":83,"s:182:33:182:Infinity":84,"s:183:23:183:51":85,"s:184:22:184:58":86,"s:185:29:185:53":87,"s:186:19:186:66":88,"b:186:19:186:43:186:43:186:66":18,"s:187:25:187:Infinity":89,"b:187:25:187:37:187:42:187:73:187:73:187:Infinity":19,"b:188:6:189:Infinity:undefined:undefined:undefined:undefined":20,"s:188:6:189:Infinity":90,"s:189:8:189:Infinity":91,"b:193:4:194:Infinity:undefined:undefined:undefined:undefined":21,"s:193:4:194:Infinity":92,"s:194:6:194:Infinity":93,"s:198:25:200:17":94,"f:199:7:199:11":5,"s:199:16:199:69":95,"s:202:19:204:Infinity":96,"s:212:4:244:Infinity":97,"b:213:6:215:Infinity:undefined:undefined:undefined:undefined":22,"s:213:6:215:Infinity":98,"s:214:8:214:Infinity":99,"s:215:8:215:Infinity":100,"s:218:21:218:47":101,"s:219:23:226:8":102,"s:228:21:228:Infinity":103,"b:228:21:228:50:228:50:228:Infinity":23,"b:230:6:240:Infinity:undefined:undefined:undefined:undefined":24,"s:230:6:240:Infinity":104,"s:232:37:232:104":105,"s:233:8:240:Infinity":106,"s:234:10:240:Infinity":107,"s:244:6:244:Infinity":108,"s:247:4:247:Infinity":109,"f:250:16:250:33":6,"b:250:71:250:97":25,"s:251:32:251:34":110,"s:252:25:252:56":111,"s:253:24:253:54":112,"s:254:23:254:33":113,"s:255:4:255:Infinity":114,"b:258:4:280:Infinity:undefined:undefined:undefined:undefined":26,"s:258:4:280:Infinity":115,"s:259:23:259:53":116,"s:260:6:280:Infinity":117,"s:261:25:261:57":118,"s:262:21:262:44":119,"b:263:8:280:Infinity:undefined:undefined:undefined:undefined":27,"s:263:8:280:Infinity":120,"s:264:10:280:Infinity":121,"b:265:12:265:Infinity:undefined:undefined:undefined:undefined":28,"s:265:12:265:Infinity":122,"s:265:39:265:Infinity":123,"s:266:29:266:54":124,"s:267:26:267:49":125,"s:268:28:268:49":126,"b:270:12:280:Infinity:undefined:undefined:undefined:undefined":29,"s:270:12:280:Infinity":127,"s:271:30:271:66":128,"s:272:22:272:46":129,"s:273:38:273:106":130,"s:274:14:280:Infinity":131,"b:279:64:279:79:279:79:279:Infinity":30,"b:288:4:305:Infinity:undefined:undefined:undefined:undefined":31,"s:288:4:305:Infinity":132,"s:289:6:305:Infinity":133,"b:290:8:290:Infinity:undefined:undefined:undefined:undefined":32,"s:290:8:290:Infinity":134,"s:290:35:290:Infinity":135,"s:291:25:291:53":136,"s:292:22:292:45":137,"s:293:24:293:45":138,"b:295:8:305:Infinity:undefined:undefined:undefined:undefined":33,"s:295:8:305:Infinity":139,"s:296:26:296:62":140,"s:297:18:297:42":141,"s:298:34:298:102":142,"s:299:10:305:Infinity":143,"b:304:55:304:69:304:69:304:92":34,"s:310:4:310:Infinity":144,"f:313:16:313:33":7,"s:314:32:314:34":145,"s:315:30:315:71":146,"b:317:4:318:Infinity:undefined:undefined:undefined:undefined":35,"s:317:4:318:Infinity":147,"s:318:6:318:Infinity":148,"s:322:26:322:62":149,"s:323:21:323:49":150,"b:323:21:323:47:323:47:323:49":36,"s:324:26:325:Infinity":151,"b:325:7:325:38:325:38:325:40":37,"f:325:42:325:47":8,"s:325:63:325:81":152,"s:329:4:352:Infinity":153,"s:330:12:330:107":154,"b:330:25:330:41:330:41:330:45":38,"f:330:72:330:80":9,"s:330:94:330:107":155,"s:332:6:352:Infinity":156,"b:333:8:333:Infinity:undefined:undefined:undefined:undefined":39,"s:333:8:333:Infinity":157,"s:333:41:333:Infinity":158,"s:335:14:335:59":159,"b:335:28:335:42:335:42:335:46":40,"s:336:27:336:86":160,"f:336:51:336:59":10,"s:336:73:336:86":161,"s:339:28:339:83":162,"f:339:38:339:46":11,"s:339:60:339:82":163,"s:342:32:343:60":164,"b:342:32:342:82:343:10:343:60":41,"b:345:8:352:Infinity:undefined:undefined:undefined:undefined":42,"s:345:8:352:Infinity":165,"b:345:12:345:38:345:38:345:56":43,"s:346:10:352:Infinity":166,"s:358:17:358:34":167,"s:359:4:364:Infinity":168,"f:359:18:359:25":12,"s:360:18:360:Infinity":169,"b:361:6:361:Infinity:undefined:undefined:undefined:undefined":44,"s:361:6:361:Infinity":170,"s:361:25:361:Infinity":171,"s:362:6:362:Infinity":172,"s:363:6:363:Infinity":173,"f:367:2:367:10":13,"b:368:4:368:Infinity:undefined:undefined:undefined:undefined":45,"s:368:4:368:Infinity":174,"s:368:16:368:Infinity":175,"b:369:4:369:Infinity:undefined:undefined:undefined:undefined":46,"s:369:4:369:Infinity":176,"s:369:30:369:Infinity":177,"b:370:4:371:Infinity:undefined:undefined:undefined:undefined":47,"s:370:4:371:Infinity":178,"s:371:6:371:Infinity":179,"f:371:36:371:40":14,"s:371:45:371:53":180,"s:373:4:373:Infinity":181,"f:376:2:376:10":15,"s:377:4:380:Infinity":182,"f:383:2:383:10":16,"b:384:4:385:Infinity:undefined:undefined:undefined:undefined":48,"s:384:4:385:Infinity":183,"s:385:6:385:Infinity":184,"s:389:19:389:66":185,"f:389:31:389:38":17,"s:389:43:389:66":186,"s:390:21:390:70":187,"f:390:33:390:40":18,"s:390:45:390:70":188,"s:391:18:391:64":189,"f:391:30:391:37":19,"s:391:42:391:64":190,"s:393:4:393:Infinity":191,"b:395:4:401:Infinity:undefined:undefined:undefined:undefined":49,"s:395:4:401:Infinity":192,"s:396:6:396:Infinity":193,"s:397:6:401:Infinity":194,"s:398:8:398:Infinity":195,"s:399:8:399:Infinity":196,"b:400:8:401:Infinity:undefined:undefined:undefined:undefined":50,"s:400:8:401:Infinity":197,"s:401:10:401:Infinity":198,"b:406:4:412:Infinity:undefined:undefined:undefined:undefined":51,"s:406:4:412:Infinity":199,"s:407:6:407:Infinity":200,"s:408:6:412:Infinity":201,"s:409:8:409:Infinity":202,"s:410:8:410:Infinity":203,"b:411:8:412:Infinity:undefined:undefined:undefined:undefined":52,"s:411:8:412:Infinity":204,"s:412:10:412:Infinity":205,"b:417:4:429:Infinity:undefined:undefined:undefined:undefined":53,"s:417:4:429:Infinity":206,"s:418:6:418:Infinity":207,"s:420:25:420:43":208,"s:421:6:425:Infinity":209,"s:422:8:422:Infinity":210,"s:423:8:423:Infinity":211,"b:424:8:425:Infinity:undefined:undefined:undefined:undefined":54,"s:424:8:425:Infinity":212,"s:425:10:425:Infinity":213,"b:428:6:429:Infinity:undefined:undefined:undefined:undefined":55,"s:428:6:429:Infinity":214,"s:429:8:429:Infinity":215,"s:433:4:433:Infinity":216}}}
,"/Users/qutianyu/dev/projects/fina/src/commands/make.ts": {"path":"/Users/qutianyu/dev/projects/fina/src/commands/make.ts","statementMap":{"0":{"start":{"line":11,"column":32},"end":{"line":11,"column":null}},"1":{"start":{"line":25,"column":2},"end":{"line":25,"column":null}},"2":{"start":{"line":30,"column":30},"end":{"line":30,"column":32}},"3":{"start":{"line":31,"column":32},"end":{"line":31,"column":34}},"4":{"start":{"line":32,"column":42},"end":{"line":32,"column":51}},"5":{"start":{"line":33,"column":29},"end":{"line":33,"column":null}},"6":{"start":{"line":34,"column":37},"end":{"line":34,"column":39}},"7":{"start":{"line":35,"column":33},"end":{"line":41,"column":null}},"8":{"start":{"line":44,"column":4},"end":{"line":44,"column":null}},"9":{"start":{"line":48,"column":4},"end":{"line":48,"column":null}},"10":{"start":{"line":51,"column":4},"end":{"line":57,"column":null}},"11":{"start":{"line":59,"column":4},"end":{"line":60,"column":null}},"12":{"start":{"line":60,"column":6},"end":{"line":60,"column":null}},"13":{"start":{"line":63,"column":19},"end":{"line":63,"column":42}},"14":{"start":{"line":64,"column":20},"end":{"line":64,"column":44}},"15":{"start":{"line":67,"column":4},"end":{"line":67,"column":null}},"16":{"start":{"line":68,"column":4},"end":{"line":68,"column":null}},"17":{"start":{"line":71,"column":4},"end":{"line":71,"column":null}},"18":{"start":{"line":72,"column":4},"end":{"line":72,"column":null}},"19":{"start":{"line":73,"column":4},"end":{"line":73,"column":null}},"20":{"start":{"line":74,"column":4},"end":{"line":74,"column":null}},"21":{"start":{"line":77,"column":4},"end":{"line":77,"column":null}},"22":{"start":{"line":78,"column":4},"end":{"line":78,"column":null}},"23":{"start":{"line":81,"column":4},"end":{"line":81,"column":null}},"24":{"start":{"line":82,"column":4},"end":{"line":82,"column":null}},"25":{"start":{"line":85,"column":4},"end":{"line":85,"column":null}},"26":{"start":{"line":88,"column":4},"end":{"line":88,"column":null}},"27":{"start":{"line":88,"column":55},"end":{"line":88,"column":62}},"28":{"start":{"line":90,"column":23},"end":{"line":90,"column":89}},"29":{"start":{"line":90,"column":55},"end":{"line":90,"column":87}},"30":{"start":{"line":91,"column":4},"end":{"line":91,"column":null}},"31":{"start":{"line":93,"column":4},"end":{"line":95,"column":null}},"32":{"start":{"line":94,"column":6},"end":{"line":94,"column":null}},"33":{"start":{"line":95,"column":6},"end":{"line":95,"column":null}},"34":{"start":{"line":99,"column":4},"end":{"line":99,"column":null}},"35":{"start":{"line":100,"column":4},"end":{"line":100,"column":null}},"36":{"start":{"line":101,"column":35},"end":{"line":101,"column":55}},"37":{"start":{"line":102,"column":4},"end":{"line":102,"column":null}},"38":{"start":{"line":103,"column":4},"end":{"line":103,"column":null}},"39":{"start":{"line":105,"column":4},"end":{"line":119,"column":null}},"40":{"start":{"line":106,"column":6},"end":{"line":106,"column":null}},"41":{"start":{"line":108,"column":6},"end":{"line":108,"column":null}},"42":{"start":{"line":109,"column":6},"end":{"line":109,"column":null}},"43":{"start":{"line":110,"column":6},"end":{"line":110,"column":null}},"44":{"start":{"line":111,"column":6},"end":{"line":111,"column":null}},"45":{"start":{"line":112,"column":6},"end":{"line":112,"column":null}},"46":{"start":{"line":113,"column":6},"end":{"line":113,"column":null}},"47":{"start":{"line":114,"column":6},"end":{"line":114,"column":null}},"48":{"start":{"line":115,"column":6},"end":{"line":115,"column":null}},"49":{"start":{"line":116,"column":6},"end":{"line":116,"column":null}},"50":{"start":{"line":117,"column":6},"end":{"line":117,"column":null}},"51":{"start":{"line":118,"column":6},"end":{"line":118,"column":null}},"52":{"start":{"line":119,"column":6},"end":{"line":119,"column":null}},"53":{"start":{"line":123,"column":4},"end":{"line":123,"column":null}},"54":{"start":{"line":126,"column":4},"end":{"line":126,"column":null}},"55":{"start":{"line":127,"column":4},"end":{"line":127,"column":null}},"56":{"start":{"line":130,"column":4},"end":{"line":131,"column":null}},"57":{"start":{"line":131,"column":6},"end":{"line":131,"column":null}},"58":{"start":{"line":135,"column":4},"end":{"line":135,"column":null}},"59":{"start":{"line":136,"column":4},"end":{"line":136,"column":null}},"60":{"start":{"line":13
[...]
inity":31,"b:75:4:96:Infinity:undefined:undefined:undefined:undefined":12,"s:75:4:96:Infinity":32,"s:76:27:76:Infinity":33,"s:77:23:84:Infinity":34,"f:77:34:77:Infinity":6,"s:78:8:84:10":35,"b:79:17:79:26:79:26:79:48":13,"f:80:29:80:33":7,"s:80:39:83:Infinity":36,"b:82:53:82:65:82:65:82:Infinity":14,"s:86:20:86:Infinity":37,"b:87:6:89:Infinity:undefined:undefined:undefined:undefined":15,"s:87:6:89:Infinity":38,"s:88:26:88:69":39,"f:88:34:88:40":8,"s:88:51:88:69":40,"s:89:8:89:Infinity":41,"b:89:30:89:48:89:48:89:Infinity":16,"b:89:48:89:76:89:76:89:Infinity":17,"b:91:6:94:Infinity:undefined:undefined:undefined:undefined":18,"s:91:6:94:Infinity":42,"s:92:8:92:Infinity":43,"s:93:8:93:Infinity":44,"b:93:20:93:31:93:31:93:34":19,"s:94:8:94:Infinity":45,"s:96:6:96:Infinity":46,"b:96:33:96:44:96:44:96:48":20,"s:99:28:99:Infinity":47,"s:102:27:102:68":48,"f:102:36:102:43":9,"s:102:48:102:68":49,"s:103:26:103:67":50,"f:103:35:103:42":10,"s:103:47:103:67":51,"s:104:26:106:16":52,"f:104:41:104:45":11,"s:105:6:105:75":53,"b:105:38:105:50:105:50:105:75":21,"s:108:19:117:Infinity":54,"f:108:30:108:Infinity":12,"s:109:6:117:8":55,"b:110:15:110:24:110:24:110:46":22,"b:111:20:111:34:111:34:111:Infinity":23,"b:112:16:112:33:112:33:112:Infinity":24,"f:113:32:113:36":13,"s:113:42:116:Infinity":56,"b:115:51:115:63:115:63:115:Infinity":25,"b:120:4:124:Infinity:undefined:undefined:undefined:undefined":26,"s:120:4:124:Infinity":57,"s:121:6:121:Infinity":58,"s:122:24:122:74":59,"f:122:39:122:45":14,"s:122:56:122:74":60,"s:123:6:123:Infinity":61,"b:123:19:123:46:123:46:123:49":27,"s:124:6:124:Infinity":62,"s:127:24:127:74":63,"f:127:39:127:45":15,"s:127:56:127:74":64,"s:128:4:128:Infinity":65,"b:128:32:128:61:128:61:128:65":28,"f:131:8:131:28":16,"b:137:4:143:Infinity:undefined:undefined:undefined:undefined":29,"s:137:4:143:Infinity":66,"s:138:6:138:Infinity":67,"s:139:6:141:Infinity":68,"s:140:24:140:99":69,"b:140:58:140:72:140:72:140:99":30,"s:141:8:141:Infinity":70,"b:141:89:141:97:141:97:141:101":31,"s:143:6:143:Infinity":71,"b:146:4:166:Infinity:undefined:undefined:undefined:undefined":32,"s:146:4:166:Infinity":72,"s:147:27:147:Infinity":73,"s:148:21:157:Infinity":74,"f:148:32:148:Infinity":17,"s:149:8:157:10":75,"b:150:17:150:26:150:26:150:48":33,"b:151:22:151:36:151:36:151:Infinity":34,"f:153:29:153:33":18,"s:153:39:156:Infinity":76,"b:155:53:155:65:155:65:155:Infinity":35,"s:160:6:163:Infinity":77,"s:161:24:161:Infinity":78,"b:162:8:163:Infinity:undefined:undefined:undefined:undefined":36,"s:162:8:163:Infinity":79,"s:163:10:163:Infinity":80,"s:166:6:166:Infinity":81,"s:169:28:169:Infinity":82,"s:172:27:172:68":83,"f:172:36:172:43":19,"s:172:48:172:68":84,"s:173:26:173:67":85,"f:173:35:173:42":20,"s:173:47:173:67":86,"s:174:26:176:16":87,"f:174:41:174:45":21,"s:175:6:175:75":88,"b:175:38:175:50:175:50:175:75":37,"s:179:19:187:6":89,"b:180:13:180:22:180:22:180:44":38,"b:181:18:181:32:181:32:181:Infinity":39,"b:182:14:182:31:182:31:182:Infinity":40,"f:183:30:183:34":22,"s:183:40:186:Infinity":90,"b:185:49:185:61:185:61:185:Infinity":41,"s:189:4:193:Infinity":91,"b:190:6:193:Infinity:undefined:undefined:undefined:undefined":42,"s:190:6:193:Infinity":92,"s:191:22:191:Infinity":93,"b:192:8:193:Infinity:undefined:undefined:undefined:undefined":43,"s:192:8:193:Infinity":94,"s:193:10:193:Infinity":95}}}
,"/Users/qutianyu/dev/projects/fina/src/lib/skills.ts": {"path":"/Users/qutianyu/dev/projects/fina/src/lib/skills.ts","statementMap":{"0":{"start":{"line":8,"column":28},"end":{"line":8,"column":30}},"1":{"start":{"line":9,"column":28},"end":{"line":9,"column":null}},"2":{"start":{"line":12,"column":4},"end":{"line":12,"column":null}},"3":{"start":{"line":12,"column":21},"end":{"line":12,"column":null}},"4":{"start":{"line":14,"column":22},"end":{"line":14,"column":57}},"5":{"start":{"line":15,"column":4},"end":{"line":17,"column":null}},"6":{"start":{"line":16,"column":6},"end":{"line":16,"column":null}},"7":{"start":{"line":17,"column":6},"end":{"line":17,"column":null}},"8":{"start":{"line":20,"column":20},"end":{"line":20,"column":72}},"9":{"start":{"line":21,"column":4},"end":{"line":25,"column":null}},"10":{"start":{"line":22,"column":6},"end":{"line":22,"column":null}},"11":{"start":{"line":22,"column":32},"end":{"line":22,"column":null}},"12":{"start":{"line":23,"column":23},"end":{"line":23,"column":67}},"13":{"start":{"line":24,"column":6},"end":{"line":25,"column":null}},"14":{"start":{"line":25,"column":8},"end":{"line":25,"column":null}},"15":{"start":{"line":29,"column":4},"end":{"line":29,"column":null}},"16":{"start":{"line":30,"column":4},"end":{"line":30,"column":null}},"17":{"start":{"line":34,"column":4},"end":{"line":51,"column":null}},"18":{"start":{"line":35,"column":22},"end":{"line":35,"column":58}},"19":{"start":{"line":36,"column":12},"end":{"line":36,"column":36}},"20":{"start":{"line":37,"column":6},"end":{"line":37,"column":null}},"21":{"start":{"line":37,"column":29},"end":{"line":37,"column":null}},"22":{"start":{"line":39,"column":23},"end":{"line":39,"column":74}},"23":{"start":{"line":41,"column":6},"end":{"line":48,"column":null}},"24":{"start":{"line":51,"column":6},"end":{"line":51,"column":null}},"25":{"start":{"line":56,"column":31},"end":{"line":56,"column":33}},"26":{"start":{"line":57,"column":28},"end":{"line":57,"column":null}},"27":{"start":{"line":59,"column":4},"end":{"line":60,"column":null}},"28":{"start":{"line":60,"column":6},"end":{"line":60,"column":null}},"29":{"start":{"line":62,"column":31},"end":{"line":62,"column":null}},"30":{"start":{"line":63,"column":4},"end":{"line":64,"column":null}},"31":{"start":{"line":64,"column":6},"end":{"line":64,"column":null}},"32":{"start":{"line":66,"column":4},"end":{"line":66,"column":null}},"33":{"start":{"line":70,"column":4},"end":{"line":73,"column":null}},"34":{"start":{"line":71,"column":6},"end":{"line":73,"column":null}},"35":{"start":{"line":72,"column":8},"end":{"line":73,"column":null}},"36":{"start":{"line":73,"column":10},"end":{"line":73,"column":null}},"37":{"start":{"line":77,"column":4},"end":{"line":77,"column":null}},"38":{"start":{"line":81,"column":4},"end":{"line":83,"column":null}},"39":{"start":{"line":82,"column":20},"end":{"line":82,"column":45}},"40":{"start":{"line":83,"column":6},"end":{"line":83,"column":null}},"41":{"start":{"line":85,"column":4},"end":{"line":85,"column":null}},"42":{"start":{"line":89,"column":20},"end":{"line":92,"column":35}},"43":{"start":{"line":94,"column":25},"end":{"line":94,"column":76}},"44":{"start":{"line":96,"column":17},"end":{"line":98,"column":60}},"45":{"start":{"line":100,"column":4},"end":{"line":100,"column":null}}},"fnMap":{"0":{"name":"(anonymous_0)","decl":{"start":{"line":11,"column":8},"end":{"line":11,"column":19}},"loc":{"start":{"line":11,"column":49},"end":{"line":30,"column":null}},"line":11},"1":{"name":"(anonymous_1)","decl":{"start":{"line":33,"column":16},"end":{"line":33,"column":30}},"loc":{"start":{"line":33,"column":63},"end":{"line":51,"column":null}},"line":33},"2":{"name":"(anonymous_2)","decl":{"start":{"line":55,"column":2},"end":{"line":55,"column":10}},"loc":{"start":{"line":55,"column":57},"end":{"line":66,"column":null}},"line":55},"3":{"name":"(anonymous_3)","decl":{"start":{"line":69,"column":2},"end":{"line":69,"column":13}},"loc":{"start":{"line":69,"column":40},"end":{"line":77,"column":null}},"line":69},"4":{"name":"(anonymous_4)","decl":{"start":{"line":80,"column":2},"end":{"line":80,"column":10}},"loc":{"start":{"line":80,"column":62},"end":{"line":85,"column":null}},"line":80},"5":{"name":"(anonymous_5)","decl":{"start":{"line":88,"column":2},"end":{"line":88,"column":10}},"loc":{"start":{"line":88,"column":47},"end":{"line":100,"column":null}},"line":88}},"branchMap":{"0":{"loc":{"start":{"line":12,"column":4},"end":{"line":12,"column":null}},"type":"if","locations":[{"start":{"line":12,"column":4},"end":{"line":12,"column":null}},{"start":{},"end":{}}],"line":12},"1":{"loc":{"start":{"line":15,"column":4},"end":{"line":17,"column":null}},"type":"if","locations":[{"start":{"line":15,"column":4},"end":{"line":17,"column":null}},{"start":{},"end":{}}],"line":15},"2":{"loc":{"start":{"line":22,"column":6},"end":{"line":22,"column":null}},"type":"if","locations":[{"start":{"line":22,"column":6},"end":{"line":22,"column":null}},{"start":{},"end":{}}],"line":22},"3":{"loc":{"start":{"line":24,"column":6},"end":{"line":25,"column":null}},"type":"if","locations":[{"start":{"line":24,"column":6},"end":{"line":25,"column":null}},{"start":{},"end":{}}],"line":24},"4":{"loc":{"start":{"line":37,"column":6},"end":{"line":37,"column":null}},"type":"if","locations":[{"start":{"line":37,"column":6},"end":{"line":37,"column":null}},{"start":{},"end":{}}],"line":37},"5":{"loc":{"start":{"line":39,"column":44},"end":{"line":39,"column":74}},"type":"binary-expr","locations":[{"start":{"line":39,"column":44},"end":{"line":39,"column":71}},{"start":{"line":39,"column":71},"end":{"line":39,"column":74}}],"line":39},"6":{"loc":{"start":{"line":43,"column":17},"end":{"line":43,"column":null}},"type":"binary-expr","locations":[{"start":{"line":43,"column":17},"end":{"line":43,"column":40}},{"start":{"line":43,"column":40},"end":{"line":43,"column":null}}],"line":43},"7":{"loc":{"start":{"line":44,"column":21},"end":{"line":44,"column":null}},"type":"binary-expr","locations":[{"start":{"line":44,"column":21},"end":{"line":44,"column":48}},{"start":{"line":44,"column":48},"end":{"line":44,"column":null}}],"line":44},"8":{"loc":{"start":{"line":45,"column":17},"end":{"line":45,"column":null}},"type":"binary-expr","locations":[{"start":{"line":45,"column":17},"end":{"line":45,"column":40}},{"start":{"line":45,"column":40},"end":{"line":45,"column":null}}],"line":45},"9":{"loc":{"start":{"line":72,"column":8},"end":{"line":73,"column":null}},"type":"if","locations":[{"start":{"line":72,"column":8},"end":{"line":73,"column":null}},{"start":{},"end":{}}],"line":72},"10":{"loc":{"start":{"line":81,"column":4},"end":{"line":83,"column":null}},"type":"if","locations":[{"start":{"line":81,"column":4},"end":{"line":83,"column":null}},{"start":{},"end":{}}],"line":81},"11":{"loc":{"start":{"line":94,"column":25},"end":{"line":94,"column":76}},"type":"binary-expr","locations":[{"start":{"line":94,"column":25},"end":{"line":94,"column":51}},{"start":{"line":94,"column":55},"end":{"line":94,"column":76}}],"line":94},"12":{"loc":{"start":{"line":98,"column":30},"end":{"line":98,"column":60}},"type":"cond-expr","locations":[{"start":{"line":98,"column":45},"end":{"line":98,"column":52}},{"start":{"line":98,"column":52},"end":{"line":98,"column":60}}],"line":98}},"s":{"0":8,"1":8,"2":7,"3":0,"4":7,"5":7,"6":1,"7":1,"8":6,"9":6,"10":10,"11":0,"12":10,"13":10,"14":10,"15":6,"16":6,"17":10,"18":10,"19":10,"20":10,"21":1,"22":9,"23":10,"24":0,"25":10,"26":10,"27":10,"28":11,"29":10,"30":10,"31":0,"32":10,"33":4,"34":6,"35":6,"36":3,"37":1,"38":6,"39":6,"40":6,"41":0,"42":6,"43":6,"44":6,"45":6},"f":{"0":7,"1":10,"2":10,"3":4,"4":6,"5":6},"b":{"0":[0,7],"1":[1,6],"2":[0,10],"3":[10,0],"4":[1,9],"5":[9,0],"6":[10,9],"7":[10,0],"8":[10,0],"9":[3,3],"10":[6,0],"11":[6,6],"12":[6,0]},"meta":{"lastBranch":13,"lastFunction":6,"lastStatement":46,"seen":{"s:8:28:8:30":0,"s:9:28:9:Infinity":1,"f:11:8:11:19":0,"b:12:4:12:Infinity:undefined:undefined:undefined:undefined":0,"s:12:4:12:Infinity":2,"s:12:21:12:Infinity":3,"s:14:22:14:57":4,"b:15:4:17:Infinity:undefined:undefined:undefined:undefined":1,"s:15:4:17:Infinity":5,"s:16:6:16:Infinity":6,"s:17:6:17:Infinity":7,"s:20:20:20:72":8,"s:21:4:25:Infinity":9,"b:22:6:22:Infinity:undefined:undefined:undefined:undefined":2,"s:22:6:22:Infinity":10,"s:22:32:22:Infinity":11,"s:23:23:23:67":12,"b:24:6:25:Infinity:undefined:undefined:undefined:undefined":3,"s:24:6:25:Infinity":13,"s:25:8:25:Infinity":14,"s:29:4:29:Infinity":15,"s:30:4:30:Infinity":16,"f:33:16:33:30":1,"s:34:4:51:Infinity":17,"s:35:22:35:58":18,"s:36:12:36:36":19,"b:37:6:37:Infinity:undefined:undefined:undefined:undefined":4,"s:37:6:37:Infinity":20,"s:37:29:37:Infinity":21,"s:39:23:39:74":22,"b:39:44:39:71:39:71:39:74":5,"s:41:6:48:Infinity":23,"b:43:17:43:40:43:40:43:Infinity":6,"b:44:21:44:48:44:48:44:Infinity":7,"b:45:17:45:40:45:40:45:Infinity":8,"s:51:6:51:Infinity":24,"f:55:2:55:10":2,"s:56:31:56:33":25,"s:57:28:57:Infinity":26,"s:59:4:60:Infinity":27,"s:60:6:60:Infinity":28,"s:62:31:62:Infinity":29,"s:63:4:64:Infinity":30,"s:64:6:64:Infinity":31,"s:66:4:66:Infinity":32,"f:69:2:69:13":3,"s:70:4:73:Infinity":33,"s:71:6:73:Infinity":34,"b:72:8:73:Infinity:undefined:undefined:undefined:undefined":9,"s:72:8:73:Infinity":35,"s:73:10:73:Infinity":36,"s:77:4:77:Infinity":37,"f:80:2:80:10":4,"b:81:4:83:Infinity:undefined:undefined:undefined:undefined":10,"s:81:4:83:Infinity":38,"s:82:20:82:45":39,"s:83:6:83:Infinity":40,"s:85:4:85:Infinity":41,"f:88:2:88:10":5,"s:89:20:92:35":42,"s:94:25:94:76":43,"b:94:25:94:51:94:55:94:76":11,"s:96:17:98:60":44,"b:98:45:98:52:98:52:98:60":12,"s:100:4:100:Infinity":45}}}
,"/Users/qutianyu/dev/projects/fina/src/lib/utils.ts": {"path":"/Users/qutianyu/dev/projects/fina/src/lib/utils.ts","statementMap":{"0":{"start":{"line":2,"column":15},"end":{"line":2,"column":38}},"1":{"start":{"line":3,"column":15},"end":{"line":3,"column":57}},"2":{"start":{"line":4,"column":2},"end":{"line":4,"column":null}},"3":{"start":{"line":8,"column":2},"end":{"line":14,"column":null}}},"fnMap":{"0":{"name":"generateId","decl":{"start":{"line":1,"column":16},"end":{"line":1,"column":37}},"loc":{"start":{"line":1,"column":37},"end":{"line":4,"column":null}},"line":1},"1":{"name":"slugify","decl":{"start":{"line":7,"column":16},"end":{"line":7,"column":24}},"loc":{"start":{"line":7,"column":47},"end":{"line":14,"column":null}},"line":7}},"branchMap":{},"s":{"0":108,"1":108,"2":108,"3":48},"f":{"0":108,"1":48},"b":{},"meta":{"lastBranch":0,"lastFunction":2,"lastStatement":4,"seen":{"f:1:16:1:37":0,"s:2:15:2:38":0,"s:3:15:3:57":1,"s:4:2:4:Infinity":2,"f:7:16:7:24":1,"s:8:2:14:Infinity":3}}}
,"/Users/qutianyu/dev/projects/fina/tests/helpers/index.ts": {"path":"/Users/qutianyu/dev/projects/fina/tests/helpers/index.ts","statementMap":{},"fnMap":{},"branchMap":{},"s":{},"f":{},"b":{},"meta":{"lastBranch":0,"lastFunction":0,"lastStatement":0,"seen":{}}}
,"/Users/qutianyu/dev/projects/fina/tests/helpers/kb.ts": {"path":"/Users/qutianyu/dev/projects/fina/tests/helpers/kb.ts","statementMap":{"0":{"start":{"line":6,"column":14},"end":{"line":6,"column":68}},"1":{"start":{"line":7,"column":18},"end":{"line":7,"column":41}},"2":{"start":{"line":8,"column":2},"end":{"line":8,"column":null}},"3":{"start":{"line":9,"column":2},"end":{"line":9,"column":null}},"4":{"start":{"line":10,"column":2},"end":{"line":10,"column":null}},"5":{"start":{"line":11,"column":2},"end":{"line":11,"column":null}},"6":{"start":{"line":12,"column":2},"end":{"line":12,"column":null}},"7":{"start":{"line":13,"column":2},"end":{"line":13,"column":null}},"8":{"start":{"line":14,"column":2},"end":{"line":14,"column":null}},"9":{"start":{"line":15,"column":2},"end":{"line":22,"column":null}},"10":{"start":{"line":23,"column":2},"end":{"line":23,"column":null}},"11":{"start":{"line":27,"column":2},"end":{"line":27,"column":null}}},"fnMap":{"0":{"name":"createTempKB","decl":{"start":{"line":5,"column":22},"end":{"line":5,"column":54}},"loc":{"start":{"line":5,"column":54},"end":{"line":23,"column":null}},"line":5},"1":{"name":"cleanupTempKB","decl":{"start":{"line":26,"column":22},"end":{"line":26,"column":36}},"loc":{"start":{"line":26,"column":64},"end":{"line":27,"column":null}},"line":26}},"branchMap":{},"s":{"0":44,"1":44,"2":44,"3":44,"4":44,"5":44,"6":44,"7":44,"8":44,"9":44,"10":44,"11":44},"f":{"0":44,"1":44},"b":{},"meta":{"lastBranch":0,"lastFunction":2,"lastStatement":12,"seen":{"f:5:22:5:54":0,"s:6:14:6:68":0,"s:7:18:7:41":1,"s:8:2:8:Infinity":2,"s:9:2:9:Infinity":3,"s:10:2:10:Infinity":4,"s:11:2:11:Infinity":5,"s:12:2:12:Infinity":6,"s:13:2:13:Infinity":7,"s:14:2:14:Infinity":8,"s:15:2:22:Infinity":9,"s:23:2:23:Infinity":10,"f:26:22:26:36":1,"s:27:2:27:Infinity":11}}}
,"/Users/qutianyu/dev/projects/fina/tests/helpers/mock-llm.ts": {"path":"/Users/qutianyu/dev/projects/fina/tests/helpers/mock-llm.ts","statementMap":{"0":{"start":{"line":4,"column":2},"end":{"line":14,"column":null}},"1":{"start":{"line":5,"column":24},"end":{"line":5,"column":null}},"2":{"start":{"line":6,"column":20},"end":{"line":7,"column":65}},"3":{"start":{"line":8,"column":4},"end":{"line":10,"column":null}},"4":{"start":{"line":9,"column":6},"end":{"line":10,"column":null}},"5":{"start":{"line":10,"column":8},"end":{"line":10,"column":null}},"6":{"start":{"line":13,"column":4},"end":{"line":13,"column":null}},"7":{"start":{"line":18,"column":2},"end":{"line":35,"column":null}},"8":{"start":{"line":22,"column":29},"end":{"line":22,"column":null}},"9":{"start":{"line":23,"column":23},"end":{"line":31,"column":10}},"10":{"start":{"line":25,"column":12},"end":{"line":28,"column":null}},"11":{"start":{"line":29,"column":12},"end":{"line":29,"column":null}},"12":{"start":{"line":32,"column":8},"end":{"line":32,"column":null}},"13":{"start":{"line":39,"column":2},"end":{"line":45,"column":null}}},"fnMap":{"0":{"name":"mockLLMResponse","decl":{"start":{"line":3,"column":16},"end":{"line":3,"column":32}},"loc":{"start":{"line":3,"column":66},"end":{"line":14,"column":null}},"line":3},"1":{"name":"(anonymous_1)","decl":{"start":{"line":4,"column":36},"end":{"line":4,"column":43}},"loc":{"start":{"line":4,"column":60},"end":{"line":14,"column":null}},"line":4},"2":{"name":"mockAnthropicSDK","decl":{"start":{"line":17,"column":16},"end":{"line":17,"column":33}},"loc":{"start":{"line":17,"column":72},"end":{"line":35,"column":null}},"line":17},"3":{"name":"(anonymous_3)","decl":{"start":{"line":21,"column":41},"end":{"line":21,"column":60}},"loc":{"start":{"line":21,"column":60},"end":{"line":32,"column":null}},"line":21},"4":{"name":"(anonymous_4)","decl":{"start":{"line":24,"column":10},"end":{"line":24,"column":17}},"loc":{"start":{"line":24,"column":17},"end":{"line":31,"column":10}},"line":24},"5":{"name":"mockOpenAIClient","decl":{"start":{"line":38,"column":16},"end":{"line":38,"column":33}},"loc":{"start":{"line":38,"column":72},"end":{"line":45,"column":null}},"line":38}},"branchMap":{"0":{"loc":{"start":{"line":6,"column":20},"end":{"line":7,"column":65}},"type":"cond-expr","locations":[{"start":{"line":7,"column":8},"end":{"line":7,"column":30}},{"start":{"line":7,"column":30},"end":{"line":7,"column":65}}],"line":6},"1":{"loc":{"start":{"line":9,"column":6},"end":{"line":10,"column":null}},"type":"if","locations":[{"start":{"line":9,"column":6},"end":{"line":10,"column":null}},{"start":{},"end":{}}],"line":9},"2":{"loc":{"start":{"line":17,"column":33},"end":{"line":17,"column":70}},"type":"default-arg","locations":[{"start":{"line":17,"column":68},"end":{"line":17,"column":70}}],"line":17},"3":{"loc":{"start":{"line":38,"column":33},"end":{"line":38,"column":70}},"type":"default-arg","locations":[{"start":{"line":38,"column":68},"end":{"line":38,"column":70}}],"line":38}},"s":{"0":0,"1":0,"2":0,"3":0,"4":0,"5":0,"6":0,"7":0,"8":0,"9":0,"10":0,"11":0,"12":0,"13":0},"f":{"0":0,"1":0,"2":0,"3":0,"4":0,"5":0},"b":{"0":[0,0],"1":[0,0],"2":[0],"3":[0]},"meta":{"lastBranch":4,"lastFunction":6,"lastStatement":14,"seen":{"f:3:16:3:32":0,"s:4:2:14:Infinity":0,"f:4:36:4:43":1,"s:5:24:5:Infinity":1,"s:6:20:7:65":2,"b:7:8:7:30:7:30:7:65":0,"s:8:4:10:Infinity":3,"b:9:6:10:Infinity:undefined:undefined:undefined:undefined":1,"s:9:6:10:Infinity":4,"s:10:8:10:Infinity":5,"s:13:4:13:Infinity":6,"f:17:16:17:33":2,"b:17:68:17:70":2,"s:18:2:35:Infinity":7,"f:21:41:21:60":3,"s:22:29:22:Infinity":8,"s:23:23:31:10":9,"f:24:10:24:17":4,"s:25:12:28:Infinity":10,"s:29:12:29:Infinity":11,"s:32:8:32:Infinity":12,"f:38:16:38:33":5,"b:38:68:38:70":3,"s:39:2:45:Infinity":13}}}
}
